  [1m[35m (119.6ms)[0m  [1m[35mCREATE DATABASE "kaminari_demo_development" ENCODING = 'unicode'[0m
  [1m[35m (86.0ms)[0m  [1m[35mCREATE DATABASE "kaminari_demo_test" ENCODING = 'unicode'[0m
  [1m[35m (11.8ms)[0m  [1m[35mCREATE TABLE "schema_migrations" ("version" character varying NOT NULL PRIMARY KEY)[0m
  [1m[35m (6.4ms)[0m  [1m[35mCREATE TABLE "ar_internal_metadata" ("key" character varying NOT NULL PRIMARY KEY, "value" character varying, "created_at" timestamp(6) NOT NULL, "updated_at" timestamp(6) NOT NULL)[0m
  [1m[35m (0.1ms)[0m  [1m[34mSELECT pg_try_advisory_lock(7595451415905024945)[0m
  [1m[35m (0.4ms)[0m  [1m[34mSELECT "schema_migrations"."version" FROM "schema_migrations" ORDER BY "schema_migrations"."version" ASC[0m
Migrating to CreateUsers (20210715012407)
  [1m[36mTRANSACTION (0.1ms)[0m  [1m[35mBEGIN[0m
  [1m[35m (6.2ms)[0m  [1m[35mCREATE TABLE "users" ("id" bigserial primary key, "name" character varying, "phone" character varying, "created_at" timestamp(6) NOT NULL, "updated_at" timestamp(6) NOT NULL)[0m
  [1m[36mActiveRecord::SchemaMigration Create (0.9ms)[0m  [1m[32mINSERT INTO "schema_migrations" ("version") VALUES ($1) RETURNING "version"[0m  [["version", "20210715012407"]]
  [1m[36mTRANSACTION (1.1ms)[0m  [1m[35mCOMMIT[0m
  [1m[36mActiveRecord::InternalMetadata Load (0.3ms)[0m  [1m[34mSELECT "ar_internal_metadata".* FROM "ar_internal_metadata" WHERE "ar_internal_metadata"."key" = $1 LIMIT $2[0m  [["key", "environment"], ["LIMIT", 1]]
  [1m[36mTRANSACTION (0.2ms)[0m  [1m[35mBEGIN[0m
  [1m[36mActiveRecord::InternalMetadata Create (1.1ms)[0m  [1m[32mINSERT INTO "ar_internal_metadata" ("key", "value", "created_at", "updated_at") VALUES ($1, $2, $3, $4) RETURNING "key"[0m  [["key", "environment"], ["value", "development"], ["created_at", "2021-07-15 01:24:41.549735"], ["updated_at", "2021-07-15 01:24:41.549735"]]
  [1m[36mTRANSACTION (1.3ms)[0m  [1m[35mCOMMIT[0m
  [1m[35m (0.4ms)[0m  [1m[34mSELECT pg_advisory_unlock(7595451415905024945)[0m
  [1m[35m (0.7ms)[0m  [1m[34mSELECT "schema_migrations"."version" FROM "schema_migrations" ORDER BY "schema_migrations"."version" ASC[0m
  [1m[35m (0.5ms)[0m  [1m[34mSELECT "schema_migrations"."version" FROM "schema_migrations" ORDER BY "schema_migrations"."version" ASC[0m
Started GET "/" for 127.0.0.1 at 2021-07-15 06:59:47 +0530
  [1m[35m (1.3ms)[0m  [1m[34mSELECT "schema_migrations"."version" FROM "schema_migrations" ORDER BY "schema_migrations"."version" ASC[0m
Processing by UsersController#index as HTML
  Rendering layout layouts/application.html.erb
  Rendering users/index.html.erb within layouts/application
  [1m[36mUser Load (1.2ms)[0m  [1m[34mSELECT "users".* FROM "users"[0m
  ↳ app/views/users/index.html.erb:11
  Rendered users/index.html.erb within layouts/application (Duration: 4.0ms | Allocations: 1724)
[Webpacker] Compiling...
[Webpacker] Compiled all packs in /home/meet/Documents/tntra/kaminari-demo/public/packs
[Webpacker] Though the "loose" option was set to "false" in your @babel/preset-env config, it will not be used for @babel/plugin-proposal-private-methods since the "loose" mode option was set to "true" for @babel/plugin-proposal-class-properties.
The "loose" option must be the same for @babel/plugin-proposal-class-properties, @babel/plugin-proposal-private-methods and @babel/plugin-proposal-private-property-in-object (when they are enabled): you can silence this warning by explicitly adding
	["@babel/plugin-proposal-private-methods", { "loose": true }]
to the "plugins" section of your Babel config.
Though the "loose" option was set to "false" in your @babel/preset-env config, it will not be used for @babel/plugin-proposal-private-methods since the "loose" mode option was set to "true" for @babel/plugin-proposal-class-properties.
The "loose" option must be the same for @babel/plugin-proposal-class-properties, @babel/plugin-proposal-private-methods and @babel/plugin-proposal-private-property-in-object (when they are enabled): you can silence this warning by explicitly adding
	["@babel/plugin-proposal-private-methods", { "loose": true }]
to the "plugins" section of your Babel config.
Though the "loose" option was set to "false" in your @babel/preset-env config, it will not be used for @babel/plugin-proposal-private-methods since the "loose" mode option was set to "true" for @babel/plugin-proposal-class-properties.
The "loose" option must be the same for @babel/plugin-proposal-class-properties, @babel/plugin-proposal-private-methods and @babel/plugin-proposal-private-property-in-object (when they are enabled): you can silence this warning by explicitly adding
	["@babel/plugin-proposal-private-methods", { "loose": true }]
to the "plugins" section of your Babel config.
Though the "loose" option was set to "false" in your @babel/preset-env config, it will not be used for @babel/plugin-proposal-private-methods since the "loose" mode option was set to "true" for @babel/plugin-proposal-class-properties.
The "loose" option must be the same for @babel/plugin-proposal-class-properties, @babel/plugin-proposal-private-methods and @babel/plugin-proposal-private-property-in-object (when they are enabled): you can silence this warning by explicitly adding
	["@babel/plugin-proposal-private-methods", { "loose": true }]
to the "plugins" section of your Babel config.
Though the "loose" option was set to "false" in your @babel/preset-env config, it will not be used for @babel/plugin-proposal-private-methods since the "loose" mode option was set to "true" for @babel/plugin-proposal-class-properties.
The "loose" option must be the same for @babel/plugin-proposal-class-properties, @babel/plugin-proposal-private-methods and @babel/plugin-proposal-private-property-in-object (when they are enabled): you can silence this warning by explicitly adding
	["@babel/plugin-proposal-private-methods", { "loose": true }]
to the "plugins" section of your Babel config.
Though the "loose" option was set to "false" in your @babel/preset-env config, it will not be used for @babel/plugin-proposal-private-methods since the "loose" mode option was set to "true" for @babel/plugin-proposal-class-properties.
The "loose" option must be the same for @babel/plugin-proposal-class-properties, @babel/plugin-proposal-private-methods and @babel/plugin-proposal-private-property-in-object (when they are enabled): you can silence this warning by explicitly adding
	["@babel/plugin-proposal-private-methods", { "loose": true }]
to the "plugins" section of your Babel config.

[Webpacker] Hash: e2a8a876c5815bee1e21
Version: webpack 4.46.0
Time: 1574ms
Built at: 07/15/2021 6:59:50 AM
                                     Asset       Size       Chunks                         Chunk Names
    js/application-e421b4aa3f716bebdab1.js    125 KiB  application  [emitted] [immutable]  application
js/application-e421b4aa3f716bebdab1.js.map    139 KiB  application  [emitted] [dev]        application
                             manifest.json  364 bytes               [emitted]              
Entrypoint application = js/application-e421b4aa3f716bebdab1.js js/application-e421b4aa3f716bebdab1.js.map
[./app/javascript/channels sync recursive _channel\.js$] ./app/javascript/channels sync _channel\.js$ 160 bytes {application} [built]
[./app/javascript/channels/index.js] 211 bytes {application} [built]
[./app/javascript/packs/application.js] 492 bytes {application} [built]
[./node_modules/webpack/buildin/module.js] (webpack)/buildin/module.js 552 bytes {application} [built]
    + 3 hidden modules

  Rendered layout layouts/application.html.erb (Duration: 2994.3ms | Allocations: 16235)
Completed 200 OK in 3014ms (Views: 2999.5ms | ActiveRecord: 1.2ms | Allocations: 21573)


Started GET "/users/new" for 127.0.0.1 at 2021-07-15 06:59:52 +0530
Processing by UsersController#new as HTML
  Rendering layout layouts/application.html.erb
  Rendering users/new.html.erb within layouts/application
  Rendered users/_form.html.erb (Duration: 15.1ms | Allocations: 5344)
  Rendered users/new.html.erb within layouts/application (Duration: 16.7ms | Allocations: 5718)
[Webpacker] Everything's up-to-date. Nothing to do
  Rendered layout layouts/application.html.erb (Duration: 22.0ms | Allocations: 8730)
Completed 200 OK in 54ms (Views: 22.8ms | ActiveRecord: 7.4ms | Allocations: 13095)


Started POST "/users" for 127.0.0.1 at 2021-07-15 07:00:02 +0530
Processing by UsersController#create as HTML
  Parameters: {"authenticity_token"=>"[FILTERED]", "user"=>{"name"=>"Meet", "phone"=>"1234567890"}, "commit"=>"Create User"}
  [1m[36mTRANSACTION (0.8ms)[0m  [1m[35mBEGIN[0m
  ↳ app/controllers/users_controller.rb:17:in `create'
  [1m[36mUser Create (2.0ms)[0m  [1m[32mINSERT INTO "users" ("name", "phone", "created_at", "updated_at") VALUES ($1, $2, $3, $4) RETURNING "id"[0m  [["name", "Meet"], ["phone", "1234567890"], ["created_at", "2021-07-15 01:30:02.415974"], ["updated_at", "2021-07-15 01:30:02.415974"]]
  ↳ app/controllers/users_controller.rb:17:in `create'
  [1m[36mTRANSACTION (1.9ms)[0m  [1m[35mCOMMIT[0m
  ↳ app/controllers/users_controller.rb:17:in `create'
Redirected to http://localhost:3000/users/1
Completed 302 Found in 13ms (ActiveRecord: 4.8ms | Allocations: 3620)


Started GET "/users/1" for 127.0.0.1 at 2021-07-15 07:00:02 +0530
Processing by UsersController#show as HTML
  Parameters: {"id"=>"1"}
  [1m[36mUser Load (0.9ms)[0m  [1m[34mSELECT "users".* FROM "users" WHERE "users"."id" = $1 LIMIT $2[0m  [["id", 1], ["LIMIT", 1]]
  ↳ app/controllers/users_controller.rb:7:in `show'
  Rendering layout layouts/application.html.erb
  Rendering users/show.html.erb within layouts/application
  Rendered users/show.html.erb within layouts/application (Duration: 1.0ms | Allocations: 250)
[Webpacker] Everything's up-to-date. Nothing to do
  Rendered layout layouts/application.html.erb (Duration: 7.5ms | Allocations: 3261)
Completed 200 OK in 15ms (Views: 8.3ms | ActiveRecord: 1.7ms | Allocations: 5607)


Started GET "/users" for 127.0.0.1 at 2021-07-15 07:00:04 +0530
Processing by UsersController#index as HTML
  Rendering layout layouts/application.html.erb
  Rendering users/index.html.erb within layouts/application
  [1m[36mUser Load (1.5ms)[0m  [1m[34mSELECT "users".* FROM "users"[0m
  ↳ app/views/users/index.html.erb:11
  Rendered users/index.html.erb within layouts/application (Duration: 5.2ms | Allocations: 1011)
[Webpacker] Everything's up-to-date. Nothing to do
  Rendered layout layouts/application.html.erb (Duration: 11.2ms | Allocations: 3861)
Completed 200 OK in 13ms (Views: 10.5ms | ActiveRecord: 1.5ms | Allocations: 4367)


Started GET "/users/new" for 127.0.0.1 at 2021-07-15 07:00:05 +0530
Processing by UsersController#new as HTML
  Rendering layout layouts/application.html.erb
  Rendering users/new.html.erb within layouts/application
  Rendered users/_form.html.erb (Duration: 1.4ms | Allocations: 742)
  Rendered users/new.html.erb within layouts/application (Duration: 1.6ms | Allocations: 842)
[Webpacker] Everything's up-to-date. Nothing to do
  Rendered layout layouts/application.html.erb (Duration: 49.7ms | Allocations: 3678)
Completed 200 OK in 61ms (Views: 60.6ms | ActiveRecord: 0.0ms | Allocations: 4146)


Started POST "/users" for 127.0.0.1 at 2021-07-15 07:00:43 +0530
Processing by UsersController#create as HTML
  Parameters: {"authenticity_token"=>"[FILTERED]", "user"=>{"name"=>"Nidhi", "phone"=>"1234567890"}, "commit"=>"Create User"}
  [1m[36mTRANSACTION (1.0ms)[0m  [1m[35mBEGIN[0m
  ↳ app/controllers/users_controller.rb:17:in `create'
  [1m[36mUser Create (1.0ms)[0m  [1m[32mINSERT INTO "users" ("name", "phone", "created_at", "updated_at") VALUES ($1, $2, $3, $4) RETURNING "id"[0m  [["name", "Nidhi"], ["phone", "1234567890"], ["created_at", "2021-07-15 01:30:43.176303"], ["updated_at", "2021-07-15 01:30:43.176303"]]
  ↳ app/controllers/users_controller.rb:17:in `create'
  [1m[36mTRANSACTION (1.8ms)[0m  [1m[35mCOMMIT[0m
  ↳ app/controllers/users_controller.rb:17:in `create'
Redirected to http://localhost:3000/users/2
Completed 302 Found in 10ms (ActiveRecord: 3.8ms | Allocations: 2687)


Started GET "/users/2" for 127.0.0.1 at 2021-07-15 07:00:43 +0530
Processing by UsersController#show as HTML
  Parameters: {"id"=>"2"}
  [1m[36mUser Load (0.9ms)[0m  [1m[34mSELECT "users".* FROM "users" WHERE "users"."id" = $1 LIMIT $2[0m  [["id", 2], ["LIMIT", 1]]
  ↳ app/controllers/users_controller.rb:7:in `show'
  Rendering layout layouts/application.html.erb
  Rendering users/show.html.erb within layouts/application
  Rendered users/show.html.erb within layouts/application (Duration: 0.4ms | Allocations: 75)
[Webpacker] Everything's up-to-date. Nothing to do
  Rendered layout layouts/application.html.erb (Duration: 5.7ms | Allocations: 2924)
Completed 200 OK in 11ms (Views: 6.4ms | ActiveRecord: 0.9ms | Allocations: 4060)


Started GET "/users" for 127.0.0.1 at 2021-07-15 07:00:44 +0530
Processing by UsersController#index as HTML
  Rendering layout layouts/application.html.erb
  Rendering users/index.html.erb within layouts/application
  [1m[36mUser Load (1.7ms)[0m  [1m[34mSELECT "users".* FROM "users"[0m
  ↳ app/views/users/index.html.erb:11
  Rendered users/index.html.erb within layouts/application (Duration: 5.1ms | Allocations: 1065)
[Webpacker] Everything's up-to-date. Nothing to do
  Rendered layout layouts/application.html.erb (Duration: 12.3ms | Allocations: 3919)
Completed 200 OK in 14ms (Views: 11.2ms | ActiveRecord: 1.7ms | Allocations: 4380)


Started GET "/users/new" for 127.0.0.1 at 2021-07-15 07:00:47 +0530
Processing by UsersController#new as HTML
  Rendering layout layouts/application.html.erb
  Rendering users/new.html.erb within layouts/application
  Rendered users/_form.html.erb (Duration: 1.5ms | Allocations: 674)
  Rendered users/new.html.erb within layouts/application (Duration: 1.8ms | Allocations: 769)
[Webpacker] Everything's up-to-date. Nothing to do
  Rendered layout layouts/application.html.erb (Duration: 6.5ms | Allocations: 3607)
Completed 200 OK in 8ms (Views: 6.9ms | ActiveRecord: 0.0ms | Allocations: 4079)


Started POST "/users" for 127.0.0.1 at 2021-07-15 07:01:04 +0530
Processing by UsersController#create as HTML
  Parameters: {"authenticity_token"=>"[FILTERED]", "user"=>{"name"=>"Urvashi", "phone"=>"1234567890"}, "commit"=>"Create User"}
  [1m[36mTRANSACTION (0.7ms)[0m  [1m[35mBEGIN[0m
  ↳ app/controllers/users_controller.rb:17:in `create'
  [1m[36mUser Create (0.8ms)[0m  [1m[32mINSERT INTO "users" ("name", "phone", "created_at", "updated_at") VALUES ($1, $2, $3, $4) RETURNING "id"[0m  [["name", "Urvashi"], ["phone", "1234567890"], ["created_at", "2021-07-15 01:31:04.052221"], ["updated_at", "2021-07-15 01:31:04.052221"]]
  ↳ app/controllers/users_controller.rb:17:in `create'
  [1m[36mTRANSACTION (43.7ms)[0m  [1m[35mCOMMIT[0m
  ↳ app/controllers/users_controller.rb:17:in `create'
Redirected to http://localhost:3000/users/3
Completed 302 Found in 50ms (ActiveRecord: 45.2ms | Allocations: 2601)


Started GET "/users/3" for 127.0.0.1 at 2021-07-15 07:01:04 +0530
Processing by UsersController#show as HTML
  Parameters: {"id"=>"3"}
  [1m[36mUser Load (0.9ms)[0m  [1m[34mSELECT "users".* FROM "users" WHERE "users"."id" = $1 LIMIT $2[0m  [["id", 3], ["LIMIT", 1]]
  ↳ app/controllers/users_controller.rb:7:in `show'
  Rendering layout layouts/application.html.erb
  Rendering users/show.html.erb within layouts/application
  Rendered users/show.html.erb within layouts/application (Duration: 0.3ms | Allocations: 75)
[Webpacker] Everything's up-to-date. Nothing to do
  Rendered layout layouts/application.html.erb (Duration: 5.9ms | Allocations: 2926)
Completed 200 OK in 10ms (Views: 6.7ms | ActiveRecord: 0.9ms | Allocations: 4062)


Started GET "/users" for 127.0.0.1 at 2021-07-15 07:01:05 +0530
Processing by UsersController#index as HTML
  Rendering layout layouts/application.html.erb
  Rendering users/index.html.erb within layouts/application
  [1m[36mUser Load (2.3ms)[0m  [1m[34mSELECT "users".* FROM "users"[0m
  ↳ app/views/users/index.html.erb:11
  Rendered users/index.html.erb within layouts/application (Duration: 5.7ms | Allocations: 1147)
[Webpacker] Everything's up-to-date. Nothing to do
  Rendered layout layouts/application.html.erb (Duration: 12.3ms | Allocations: 3995)
Completed 200 OK in 14ms (Views: 10.6ms | ActiveRecord: 2.3ms | Allocations: 4455)


Started GET "/users/new" for 127.0.0.1 at 2021-07-15 07:01:06 +0530
Processing by UsersController#new as HTML
  Rendering layout layouts/application.html.erb
  Rendering users/new.html.erb within layouts/application
  Rendered users/_form.html.erb (Duration: 1.4ms | Allocations: 674)
  Rendered users/new.html.erb within layouts/application (Duration: 1.7ms | Allocations: 769)
[Webpacker] Everything's up-to-date. Nothing to do
  Rendered layout layouts/application.html.erb (Duration: 7.1ms | Allocations: 3605)
Completed 200 OK in 8ms (Views: 7.7ms | ActiveRecord: 0.0ms | Allocations: 4067)


Started POST "/users" for 127.0.0.1 at 2021-07-15 07:01:15 +0530
Processing by UsersController#create as HTML
  Parameters: {"authenticity_token"=>"[FILTERED]", "user"=>{"name"=>"Dhyani", "phone"=>"1234567890"}, "commit"=>"Create User"}
  [1m[36mTRANSACTION (0.7ms)[0m  [1m[35mBEGIN[0m
  ↳ app/controllers/users_controller.rb:17:in `create'
  [1m[36mUser Create (0.9ms)[0m  [1m[32mINSERT INTO "users" ("name", "phone", "created_at", "updated_at") VALUES ($1, $2, $3, $4) RETURNING "id"[0m  [["name", "Dhyani"], ["phone", "1234567890"], ["created_at", "2021-07-15 01:31:15.856012"], ["updated_at", "2021-07-15 01:31:15.856012"]]
  ↳ app/controllers/users_controller.rb:17:in `create'
  [1m[36mTRANSACTION (1.7ms)[0m  [1m[35mCOMMIT[0m
  ↳ app/controllers/users_controller.rb:17:in `create'
Redirected to http://localhost:3000/users/4
Completed 302 Found in 8ms (ActiveRecord: 3.3ms | Allocations: 2586)


Started GET "/users/4" for 127.0.0.1 at 2021-07-15 07:01:15 +0530
Processing by UsersController#show as HTML
  Parameters: {"id"=>"4"}
  [1m[36mUser Load (1.0ms)[0m  [1m[34mSELECT "users".* FROM "users" WHERE "users"."id" = $1 LIMIT $2[0m  [["id", 4], ["LIMIT", 1]]
  ↳ app/controllers/users_controller.rb:7:in `show'
  Rendering layout layouts/application.html.erb
  Rendering users/show.html.erb within layouts/application
  Rendered users/show.html.erb within layouts/application (Duration: 0.3ms | Allocations: 75)
[Webpacker] Everything's up-to-date. Nothing to do
  Rendered layout layouts/application.html.erb (Duration: 6.1ms | Allocations: 2923)
Completed 200 OK in 11ms (Views: 7.2ms | ActiveRecord: 1.0ms | Allocations: 4057)


Started GET "/users" for 127.0.0.1 at 2021-07-15 07:01:16 +0530
Processing by UsersController#index as HTML
  Rendering layout layouts/application.html.erb
  Rendering users/index.html.erb within layouts/application
  [1m[36mUser Load (1.0ms)[0m  [1m[34mSELECT "users".* FROM "users"[0m
  ↳ app/views/users/index.html.erb:11
  Rendered users/index.html.erb within layouts/application (Duration: 4.5ms | Allocations: 1233)
[Webpacker] Everything's up-to-date. Nothing to do
  Rendered layout layouts/application.html.erb (Duration: 11.3ms | Allocations: 4081)
Completed 200 OK in 13ms (Views: 11.0ms | ActiveRecord: 1.0ms | Allocations: 4541)


Started GET "/users/new" for 127.0.0.1 at 2021-07-15 07:01:18 +0530
Processing by UsersController#new as HTML
  Rendering layout layouts/application.html.erb
  Rendering users/new.html.erb within layouts/application
  Rendered users/_form.html.erb (Duration: 1.6ms | Allocations: 674)
  Rendered users/new.html.erb within layouts/application (Duration: 2.0ms | Allocations: 769)
[Webpacker] Everything's up-to-date. Nothing to do
  Rendered layout layouts/application.html.erb (Duration: 8.5ms | Allocations: 3605)
Completed 200 OK in 10ms (Views: 9.1ms | ActiveRecord: 0.0ms | Allocations: 4067)


Started POST "/users" for 127.0.0.1 at 2021-07-15 07:01:28 +0530
Processing by UsersController#create as HTML
  Parameters: {"authenticity_token"=>"[FILTERED]", "user"=>{"name"=>"Bhakti", "phone"=>"1234567890"}, "commit"=>"Create User"}
  [1m[36mTRANSACTION (0.6ms)[0m  [1m[35mBEGIN[0m
  ↳ app/controllers/users_controller.rb:17:in `create'
  [1m[36mUser Create (0.9ms)[0m  [1m[32mINSERT INTO "users" ("name", "phone", "created_at", "updated_at") VALUES ($1, $2, $3, $4) RETURNING "id"[0m  [["name", "Bhakti"], ["phone", "1234567890"], ["created_at", "2021-07-15 01:31:28.080423"], ["updated_at", "2021-07-15 01:31:28.080423"]]
  ↳ app/controllers/users_controller.rb:17:in `create'
  [1m[36mTRANSACTION (1.7ms)[0m  [1m[35mCOMMIT[0m
  ↳ app/controllers/users_controller.rb:17:in `create'
Redirected to http://localhost:3000/users/5
Completed 302 Found in 8ms (ActiveRecord: 3.2ms | Allocations: 2592)


Started GET "/users/5" for 127.0.0.1 at 2021-07-15 07:01:28 +0530
Processing by UsersController#show as HTML
  Parameters: {"id"=>"5"}
  [1m[36mUser Load (0.8ms)[0m  [1m[34mSELECT "users".* FROM "users" WHERE "users"."id" = $1 LIMIT $2[0m  [["id", 5], ["LIMIT", 1]]
  ↳ app/controllers/users_controller.rb:7:in `show'
  Rendering layout layouts/application.html.erb
  Rendering users/show.html.erb within layouts/application
  Rendered users/show.html.erb within layouts/application (Duration: 0.3ms | Allocations: 75)
[Webpacker] Everything's up-to-date. Nothing to do
  Rendered layout layouts/application.html.erb (Duration: 4.5ms | Allocations: 2923)
Completed 200 OK in 9ms (Views: 5.1ms | ActiveRecord: 0.8ms | Allocations: 4058)


Started GET "/users" for 127.0.0.1 at 2021-07-15 07:01:30 +0530
Processing by UsersController#index as HTML
  Rendering layout layouts/application.html.erb
  Rendering users/index.html.erb within layouts/application
  [1m[36mUser Load (0.9ms)[0m  [1m[34mSELECT "users".* FROM "users"[0m
  ↳ app/views/users/index.html.erb:11
  Rendered users/index.html.erb within layouts/application (Duration: 3.3ms | Allocations: 1318)
[Webpacker] Everything's up-to-date. Nothing to do
  Rendered layout layouts/application.html.erb (Duration: 7.3ms | Allocations: 4166)
Completed 200 OK in 8ms (Views: 7.0ms | ActiveRecord: 0.9ms | Allocations: 4626)


Started GET "/users/new" for 127.0.0.1 at 2021-07-15 07:01:35 +0530
Processing by UsersController#new as HTML
  Rendering layout layouts/application.html.erb
  Rendering users/new.html.erb within layouts/application
  Rendered users/_form.html.erb (Duration: 2.6ms | Allocations: 674)
  Rendered users/new.html.erb within layouts/application (Duration: 3.0ms | Allocations: 769)
[Webpacker] Everything's up-to-date. Nothing to do
  Rendered layout layouts/application.html.erb (Duration: 8.8ms | Allocations: 3605)
Completed 200 OK in 10ms (Views: 9.4ms | ActiveRecord: 0.0ms | Allocations: 4067)


Started POST "/users" for 127.0.0.1 at 2021-07-15 07:01:48 +0530
Processing by UsersController#create as HTML
  Parameters: {"authenticity_token"=>"[FILTERED]", "user"=>{"name"=>"Jigar", "phone"=>"1234567890"}, "commit"=>"Create User"}
  [1m[36mTRANSACTION (0.7ms)[0m  [1m[35mBEGIN[0m
  ↳ app/controllers/users_controller.rb:17:in `create'
  [1m[36mUser Create (1.0ms)[0m  [1m[32mINSERT INTO "users" ("name", "phone", "created_at", "updated_at") VALUES ($1, $2, $3, $4) RETURNING "id"[0m  [["name", "Jigar"], ["phone", "1234567890"], ["created_at", "2021-07-15 01:31:48.835813"], ["updated_at", "2021-07-15 01:31:48.835813"]]
  ↳ app/controllers/users_controller.rb:17:in `create'
  [1m[36mTRANSACTION (1.5ms)[0m  [1m[35mCOMMIT[0m
  ↳ app/controllers/users_controller.rb:17:in `create'
Redirected to http://localhost:3000/users/6
Completed 302 Found in 8ms (ActiveRecord: 3.2ms | Allocations: 2586)


Started GET "/users/6" for 127.0.0.1 at 2021-07-15 07:01:48 +0530
Processing by UsersController#show as HTML
  Parameters: {"id"=>"6"}
  [1m[36mUser Load (0.6ms)[0m  [1m[34mSELECT "users".* FROM "users" WHERE "users"."id" = $1 LIMIT $2[0m  [["id", 6], ["LIMIT", 1]]
  ↳ app/controllers/users_controller.rb:7:in `show'
  Rendering layout layouts/application.html.erb
  Rendering users/show.html.erb within layouts/application
  Rendered users/show.html.erb within layouts/application (Duration: 0.3ms | Allocations: 75)
[Webpacker] Everything's up-to-date. Nothing to do
  Rendered layout layouts/application.html.erb (Duration: 5.5ms | Allocations: 2923)
Completed 200 OK in 9ms (Views: 6.1ms | ActiveRecord: 0.6ms | Allocations: 4057)


Started GET "/users" for 127.0.0.1 at 2021-07-15 07:01:49 +0530
Processing by UsersController#index as HTML
  Rendering layout layouts/application.html.erb
  Rendering users/index.html.erb within layouts/application
  [1m[36mUser Load (1.1ms)[0m  [1m[34mSELECT "users".* FROM "users"[0m
  ↳ app/views/users/index.html.erb:11
  Rendered users/index.html.erb within layouts/application (Duration: 4.4ms | Allocations: 1403)
[Webpacker] Everything's up-to-date. Nothing to do
  Rendered layout layouts/application.html.erb (Duration: 9.2ms | Allocations: 4251)
Completed 200 OK in 11ms (Views: 8.8ms | ActiveRecord: 1.1ms | Allocations: 4711)


Started GET "/users" for 127.0.0.1 at 2021-07-15 07:04:38 +0530
  [1m[35m (1.6ms)[0m  [1m[34mSELECT "schema_migrations"."version" FROM "schema_migrations" ORDER BY "schema_migrations"."version" ASC[0m
Processing by UsersController#index as HTML
  Rendering layout layouts/application.html.erb
  Rendering users/index.html.erb within layouts/application
  [1m[35m (1.4ms)[0m  [1m[34mSELECT COUNT(*) FROM "users"[0m
  ↳ app/views/users/index.html.erb:3
  [1m[36mUser Load (1.0ms)[0m  [1m[34mSELECT "users".* FROM "users" LIMIT $1 OFFSET $2[0m  [["LIMIT", 25], ["OFFSET", 0]]
  ↳ app/views/users/index.html.erb:12
  Rendered users/index.html.erb within layouts/application (Duration: 26.2ms | Allocations: 8253)
[Webpacker] Everything's up-to-date. Nothing to do
  Rendered layout layouts/application.html.erb (Duration: 36.5ms | Allocations: 13917)
Completed 200 OK in 49ms (Views: 29.2ms | ActiveRecord: 10.0ms | Allocations: 18509)


Started GET "/users" for 127.0.0.1 at 2021-07-15 07:04:40 +0530
Processing by UsersController#index as HTML
  Rendering layout layouts/application.html.erb
  Rendering users/index.html.erb within layouts/application
  [1m[35m (0.6ms)[0m  [1m[34mSELECT COUNT(*) FROM "users"[0m
  ↳ app/views/users/index.html.erb:3
  [1m[36mUser Load (0.6ms)[0m  [1m[34mSELECT "users".* FROM "users" LIMIT $1 OFFSET $2[0m  [["LIMIT", 25], ["OFFSET", 0]]
  ↳ app/views/users/index.html.erb:12
  Rendered users/index.html.erb within layouts/application (Duration: 4.9ms | Allocations: 2617)
[Webpacker] Everything's up-to-date. Nothing to do
  Rendered layout layouts/application.html.erb (Duration: 8.6ms | Allocations: 5594)
Completed 200 OK in 10ms (Views: 7.8ms | ActiveRecord: 1.3ms | Allocations: 6230)


Started GET "/" for 127.0.0.1 at 2021-07-15 07:06:01 +0530
Processing by UsersController#index as HTML
  Rendering layout layouts/application.html.erb
  Rendering users/index.html.erb within layouts/application
  [1m[35m (0.9ms)[0m  [1m[34mSELECT COUNT(*) FROM "users"[0m
  ↳ app/views/users/index.html.erb:3
  [1m[36mUser Load (1.1ms)[0m  [1m[34mSELECT "users".* FROM "users" LIMIT $1 OFFSET $2[0m  [["LIMIT", 25], ["OFFSET", 0]]
  ↳ app/views/users/index.html.erb:12
  Rendered users/index.html.erb within layouts/application (Duration: 17.6ms | Allocations: 5586)
[Webpacker] Everything's up-to-date. Nothing to do
  Rendered layout layouts/application.html.erb (Duration: 23.1ms | Allocations: 8633)
Completed 200 OK in 27ms (Views: 16.4ms | ActiveRecord: 8.1ms | Allocations: 10123)


Started GET "/" for 127.0.0.1 at 2021-07-15 07:06:31 +0530
Processing by UsersController#index as HTML
  Rendering layout layouts/application.html.erb
  Rendering users/index.html.erb within layouts/application
  [1m[35m (1.2ms)[0m  [1m[34mSELECT COUNT(*) FROM "users"[0m
  ↳ app/views/users/index.html.erb:3
  [1m[36mUser Load (1.1ms)[0m  [1m[34mSELECT "users".* FROM "users" LIMIT $1 OFFSET $2[0m  [["LIMIT", 25], ["OFFSET", 0]]
  ↳ app/views/users/index.html.erb:12
  Rendered users/index.html.erb within layouts/application (Duration: 8.1ms | Allocations: 2402)
[Webpacker] Everything's up-to-date. Nothing to do
  Rendered layout layouts/application.html.erb (Duration: 13.1ms | Allocations: 5278)
Completed 200 OK in 14ms (Views: 11.3ms | ActiveRecord: 2.3ms | Allocations: 5778)


Started GET "/" for 127.0.0.1 at 2021-07-15 07:07:10 +0530
Processing by UsersController#index as HTML
  Rendering layout layouts/application.html.erb
  Rendering users/index.html.erb within layouts/application
  [1m[35m (0.9ms)[0m  [1m[34mSELECT COUNT(*) FROM "users"[0m
  ↳ app/views/users/index.html.erb:3
  [1m[36mUser Load (1.0ms)[0m  [1m[34mSELECT "users".* FROM "users" ORDER BY name LIMIT $1 OFFSET $2[0m  [["LIMIT", 25], ["OFFSET", 0]]
  ↳ app/views/users/index.html.erb:12
  Rendered users/index.html.erb within layouts/application (Duration: 14.6ms | Allocations: 5394)
[Webpacker] Everything's up-to-date. Nothing to do
  Rendered layout layouts/application.html.erb (Duration: 21.0ms | Allocations: 8442)
Completed 200 OK in 25ms (Views: 15.0ms | ActiveRecord: 7.0ms | Allocations: 10150)


Started GET "/" for 127.0.0.1 at 2021-07-15 07:07:12 +0530
Processing by UsersController#index as HTML
  Rendering layout layouts/application.html.erb
  Rendering users/index.html.erb within layouts/application
  [1m[35m (0.7ms)[0m  [1m[34mSELECT COUNT(*) FROM "users"[0m
  ↳ app/views/users/index.html.erb:3
  [1m[36mUser Load (0.6ms)[0m  [1m[34mSELECT "users".* FROM "users" ORDER BY name LIMIT $1 OFFSET $2[0m  [["LIMIT", 25], ["OFFSET", 0]]
  ↳ app/views/users/index.html.erb:12
  Rendered users/index.html.erb within layouts/application (Duration: 4.7ms | Allocations: 2246)
[Webpacker] Everything's up-to-date. Nothing to do
  Rendered layout layouts/application.html.erb (Duration: 7.7ms | Allocations: 5096)
Completed 200 OK in 10ms (Views: 6.7ms | ActiveRecord: 1.4ms | Allocations: 5828)


Started GET "/" for 127.0.0.1 at 2021-07-15 07:07:12 +0530
Processing by UsersController#index as HTML
  Rendering layout layouts/application.html.erb
  Rendering users/index.html.erb within layouts/application
  [1m[35m (1.7ms)[0m  [1m[34mSELECT COUNT(*) FROM "users"[0m
  ↳ app/views/users/index.html.erb:3
  [1m[36mUser Load (1.1ms)[0m  [1m[34mSELECT "users".* FROM "users" ORDER BY name LIMIT $1 OFFSET $2[0m  [["LIMIT", 25], ["OFFSET", 0]]
  ↳ app/views/users/index.html.erb:12
  Rendered users/index.html.erb within layouts/application (Duration: 8.1ms | Allocations: 2239)
[Webpacker] Everything's up-to-date. Nothing to do
  Rendered layout layouts/application.html.erb (Duration: 14.8ms | Allocations: 5097)
Completed 200 OK in 19ms (Views: 13.1ms | ActiveRecord: 2.8ms | Allocations: 5740)


Started GET "/" for 127.0.0.1 at 2021-07-15 07:07:13 +0530
Processing by UsersController#index as HTML
  Rendering layout layouts/application.html.erb
  Rendering users/index.html.erb within layouts/application
  [1m[35m (1.1ms)[0m  [1m[34mSELECT COUNT(*) FROM "users"[0m
  ↳ app/views/users/index.html.erb:3
  [1m[36mUser Load (1.0ms)[0m  [1m[34mSELECT "users".* FROM "users" ORDER BY name LIMIT $1 OFFSET $2[0m  [["LIMIT", 25], ["OFFSET", 0]]
  ↳ app/views/users/index.html.erb:12
  Rendered users/index.html.erb within layouts/application (Duration: 5.8ms | Allocations: 2238)
[Webpacker] Everything's up-to-date. Nothing to do
  Rendered layout layouts/application.html.erb (Duration: 10.5ms | Allocations: 5096)
Completed 200 OK in 14ms (Views: 9.0ms | ActiveRecord: 2.2ms | Allocations: 5737)


Started GET "/" for 127.0.0.1 at 2021-07-15 07:07:13 +0530
Processing by UsersController#index as HTML
  Rendering layout layouts/application.html.erb
  Rendering users/index.html.erb within layouts/application
  [1m[35m (1.1ms)[0m  [1m[34mSELECT COUNT(*) FROM "users"[0m
  ↳ app/views/users/index.html.erb:3
  [1m[36mUser Load (1.1ms)[0m  [1m[34mSELECT "users".* FROM "users" ORDER BY name LIMIT $1 OFFSET $2[0m  [["LIMIT", 25], ["OFFSET", 0]]
  ↳ app/views/users/index.html.erb:12
  Rendered users/index.html.erb within layouts/application (Duration: 5.8ms | Allocations: 2238)
[Webpacker] Everything's up-to-date. Nothing to do
  Rendered layout layouts/application.html.erb (Duration: 10.7ms | Allocations: 5086)
Completed 200 OK in 15ms (Views: 9.6ms | ActiveRecord: 2.1ms | Allocations: 5726)


Started GET "/" for 127.0.0.1 at 2021-07-15 07:07:13 +0530
Processing by UsersController#index as HTML
  Rendering layout layouts/application.html.erb
  Rendering users/index.html.erb within layouts/application
  [1m[35m (2.1ms)[0m  [1m[34mSELECT COUNT(*) FROM "users"[0m
  ↳ app/views/users/index.html.erb:3
  [1m[36mUser Load (1.9ms)[0m  [1m[34mSELECT "users".* FROM "users" ORDER BY name LIMIT $1 OFFSET $2[0m  [["LIMIT", 25], ["OFFSET", 0]]
  ↳ app/views/users/index.html.erb:12
  Rendered users/index.html.erb within layouts/application (Duration: 10.3ms | Allocations: 2238)
[Webpacker] Everything's up-to-date. Nothing to do
  Rendered layout layouts/application.html.erb (Duration: 15.1ms | Allocations: 5086)
Completed 200 OK in 17ms (Views: 11.9ms | ActiveRecord: 3.9ms | Allocations: 5726)


Started GET "/" for 127.0.0.1 at 2021-07-15 07:07:13 +0530
Processing by UsersController#index as HTML
  Rendering layout layouts/application.html.erb
  Rendering users/index.html.erb within layouts/application
  [1m[35m (1.0ms)[0m  [1m[34mSELECT COUNT(*) FROM "users"[0m
  ↳ app/views/users/index.html.erb:3
  [1m[36mUser Load (1.1ms)[0m  [1m[34mSELECT "users".* FROM "users" ORDER BY name LIMIT $1 OFFSET $2[0m  [["LIMIT", 25], ["OFFSET", 0]]
  ↳ app/views/users/index.html.erb:12
  Rendered users/index.html.erb within layouts/application (Duration: 6.1ms | Allocations: 2238)
[Webpacker] Everything's up-to-date. Nothing to do
  Rendered layout layouts/application.html.erb (Duration: 10.7ms | Allocations: 5086)
Completed 200 OK in 13ms (Views: 9.1ms | ActiveRecord: 2.1ms | Allocations: 5726)


Started GET "/" for 127.0.0.1 at 2021-07-15 07:07:45 +0530
Processing by UsersController#index as HTML
  Rendering layout layouts/application.html.erb
  Rendering users/index.html.erb within layouts/application
  [1m[35m (1.0ms)[0m  [1m[34mSELECT COUNT(*) FROM "users"[0m
  ↳ app/views/users/index.html.erb:3
  [1m[36mUser Load (0.9ms)[0m  [1m[34mSELECT "users".* FROM "users" ORDER BY "users"."name" ASC LIMIT $1 OFFSET $2[0m  [["LIMIT", 25], ["OFFSET", 0]]
  ↳ app/views/users/index.html.erb:12
  Rendered users/index.html.erb within layouts/application (Duration: 12.6ms | Allocations: 4942)
[Webpacker] Everything's up-to-date. Nothing to do
  Rendered layout layouts/application.html.erb (Duration: 18.0ms | Allocations: 7989)
Completed 200 OK in 24ms (Views: 13.6ms | ActiveRecord: 7.1ms | Allocations: 10217)


Started GET "/" for 127.0.0.1 at 2021-07-15 07:07:46 +0530
Processing by UsersController#index as HTML
  Rendering layout layouts/application.html.erb
  Rendering users/index.html.erb within layouts/application
  [1m[35m (0.7ms)[0m  [1m[34mSELECT COUNT(*) FROM "users"[0m
  ↳ app/views/users/index.html.erb:3
  [1m[36mUser Load (0.6ms)[0m  [1m[34mSELECT "users".* FROM "users" ORDER BY "users"."name" ASC LIMIT $1 OFFSET $2[0m  [["LIMIT", 25], ["OFFSET", 0]]
  ↳ app/views/users/index.html.erb:12
  Rendered users/index.html.erb within layouts/application (Duration: 3.8ms | Allocations: 2239)
[Webpacker] Everything's up-to-date. Nothing to do
  Rendered layout layouts/application.html.erb (Duration: 7.7ms | Allocations: 5087)
Completed 200 OK in 10ms (Views: 6.8ms | ActiveRecord: 1.4ms | Allocations: 5803)


Started GET "/" for 127.0.0.1 at 2021-07-15 07:07:46 +0530
Processing by UsersController#index as HTML
  Rendering layout layouts/application.html.erb
  Rendering users/index.html.erb within layouts/application
  [1m[35m (1.5ms)[0m  [1m[34mSELECT COUNT(*) FROM "users"[0m
  ↳ app/views/users/index.html.erb:3
  [1m[36mUser Load (1.4ms)[0m  [1m[34mSELECT "users".* FROM "users" ORDER BY "users"."name" ASC LIMIT $1 OFFSET $2[0m  [["LIMIT", 25], ["OFFSET", 0]]
  ↳ app/views/users/index.html.erb:12
  Rendered users/index.html.erb within layouts/application (Duration: 8.6ms | Allocations: 2239)
[Webpacker] Everything's up-to-date. Nothing to do
  Rendered layout layouts/application.html.erb (Duration: 15.4ms | Allocations: 5087)
Completed 200 OK in 19ms (Views: 13.3ms | ActiveRecord: 3.0ms | Allocations: 5728)


Started GET "/" for 127.0.0.1 at 2021-07-15 07:07:46 +0530
Processing by UsersController#index as HTML
  Rendering layout layouts/application.html.erb
  Rendering users/index.html.erb within layouts/application
  [1m[35m (1.4ms)[0m  [1m[34mSELECT COUNT(*) FROM "users"[0m
  ↳ app/views/users/index.html.erb:3
  [1m[36mUser Load (1.6ms)[0m  [1m[34mSELECT "users".* FROM "users" ORDER BY "users"."name" ASC LIMIT $1 OFFSET $2[0m  [["LIMIT", 25], ["OFFSET", 0]]
  ↳ app/views/users/index.html.erb:12
  Rendered users/index.html.erb within layouts/application (Duration: 9.2ms | Allocations: 2239)
[Webpacker] Everything's up-to-date. Nothing to do
  Rendered layout layouts/application.html.erb (Duration: 14.0ms | Allocations: 5087)
Completed 200 OK in 17ms (Views: 11.9ms | ActiveRecord: 2.9ms | Allocations: 5728)


Started GET "/" for 127.0.0.1 at 2021-07-15 07:07:46 +0530
Processing by UsersController#index as HTML
  Rendering layout layouts/application.html.erb
  Rendering users/index.html.erb within layouts/application
  [1m[35m (1.1ms)[0m  [1m[34mSELECT COUNT(*) FROM "users"[0m
  ↳ app/views/users/index.html.erb:3
  [1m[36mUser Load (1.2ms)[0m  [1m[34mSELECT "users".* FROM "users" ORDER BY "users"."name" ASC LIMIT $1 OFFSET $2[0m  [["LIMIT", 25], ["OFFSET", 0]]
  ↳ app/views/users/index.html.erb:12
  Rendered users/index.html.erb within layouts/application (Duration: 6.5ms | Allocations: 2624)
[Webpacker] Everything's up-to-date. Nothing to do
  Rendered layout layouts/application.html.erb (Duration: 11.9ms | Allocations: 5472)
Completed 200 OK in 14ms (Views: 10.3ms | ActiveRecord: 2.2ms | Allocations: 6113)


Started GET "/" for 127.0.0.1 at 2021-07-15 07:08:22 +0530
  [1m[35m (1.3ms)[0m  [1m[34mSELECT "schema_migrations"."version" FROM "schema_migrations" ORDER BY "schema_migrations"."version" ASC[0m
Processing by UsersController#index as HTML
  Rendering layout layouts/application.html.erb
  Rendering users/index.html.erb within layouts/application
  [1m[35m (1.6ms)[0m  [1m[34mSELECT COUNT(*) FROM "users"[0m
  ↳ app/views/users/index.html.erb:3
  [1m[36mUser Load (1.1ms)[0m  [1m[34mSELECT "users".* FROM "users" ORDER BY "users"."name" ASC LIMIT $1 OFFSET $2[0m  [["LIMIT", 25], ["OFFSET", 0]]
  ↳ app/views/users/index.html.erb:12
  Rendered users/index.html.erb within layouts/application (Duration: 19.7ms | Allocations: 7274)
[Webpacker] Everything's up-to-date. Nothing to do
  Rendered layout layouts/application.html.erb (Duration: 30.6ms | Allocations: 12938)
Completed 200 OK in 48ms (Views: 26.7ms | ActiveRecord: 9.3ms | Allocations: 18413)


Started GET "/" for 127.0.0.1 at 2021-07-15 07:08:38 +0530
  [1m[35m (1.1ms)[0m  [1m[34mSELECT "schema_migrations"."version" FROM "schema_migrations" ORDER BY "schema_migrations"."version" ASC[0m
Processing by UsersController#index as HTML
  Rendering layout layouts/application.html.erb
  Rendering users/index.html.erb within layouts/application
  [1m[35m (1.3ms)[0m  [1m[34mSELECT COUNT(*) FROM "users"[0m
  ↳ app/views/users/index.html.erb:3
  [1m[36mUser Load (1.3ms)[0m  [1m[34mSELECT "users".* FROM "users" ORDER BY "users"."name" ASC LIMIT $1 OFFSET $2[0m  [["LIMIT", 25], ["OFFSET", 0]]
  ↳ app/views/users/index.html.erb:12
  Rendered users/index.html.erb within layouts/application (Duration: 21.3ms | Allocations: 7274)
[Webpacker] Everything's up-to-date. Nothing to do
  Rendered layout layouts/application.html.erb (Duration: 31.6ms | Allocations: 12938)
Completed 200 OK in 49ms (Views: 27.0ms | ActiveRecord: 10.4ms | Allocations: 18413)


Started GET "/" for 127.0.0.1 at 2021-07-15 07:08:41 +0530
Processing by UsersController#index as HTML
  Rendering layout layouts/application.html.erb
  Rendering users/index.html.erb within layouts/application
  [1m[35m (0.7ms)[0m  [1m[34mSELECT COUNT(*) FROM "users"[0m
  ↳ app/views/users/index.html.erb:3
  [1m[36mUser Load (1.1ms)[0m  [1m[34mSELECT "users".* FROM "users" ORDER BY "users"."name" ASC LIMIT $1 OFFSET $2[0m  [["LIMIT", 25], ["OFFSET", 0]]
  ↳ app/views/users/index.html.erb:12
  Rendered users/index.html.erb within layouts/application (Duration: 5.0ms | Allocations: 2420)
[Webpacker] Everything's up-to-date. Nothing to do
  Rendered layout layouts/application.html.erb (Duration: 8.8ms | Allocations: 5397)
Completed 200 OK in 11ms (Views: 7.4ms | ActiveRecord: 1.8ms | Allocations: 6216)


Started GET "/" for 127.0.0.1 at 2021-07-15 07:09:30 +0530
  [1m[35m (1.2ms)[0m  [1m[34mSELECT "schema_migrations"."version" FROM "schema_migrations" ORDER BY "schema_migrations"."version" ASC[0m
Processing by UsersController#index as HTML
  Rendering layout layouts/application.html.erb
  Rendering users/index.html.erb within layouts/application
  [1m[35m (1.2ms)[0m  [1m[34mSELECT COUNT(*) FROM "users"[0m
  ↳ app/views/users/index.html.erb:3
  [1m[36mUser Load (1.6ms)[0m  [1m[34mSELECT "users".* FROM "users" ORDER BY name LIMIT $1 OFFSET $2[0m  [["LIMIT", 25], ["OFFSET", 0]]
  ↳ app/views/users/index.html.erb:12
  Rendered users/index.html.erb within layouts/application (Duration: 24.8ms | Allocations: 7890)
[Webpacker] Everything's up-to-date. Nothing to do
  Rendered layout layouts/application.html.erb (Duration: 35.1ms | Allocations: 13554)
Completed 200 OK in 48ms (Views: 28.9ms | ActiveRecord: 9.1ms | Allocations: 18208)


Started GET "/" for 127.0.0.1 at 2021-07-15 07:09:30 +0530
Processing by UsersController#index as HTML
  Rendering layout layouts/application.html.erb
  Rendering users/index.html.erb within layouts/application
  [1m[35m (1.0ms)[0m  [1m[34mSELECT COUNT(*) FROM "users"[0m
  ↳ app/views/users/index.html.erb:3
  [1m[36mUser Load (0.9ms)[0m  [1m[34mSELECT "users".* FROM "users" ORDER BY name LIMIT $1 OFFSET $2[0m  [["LIMIT", 25], ["OFFSET", 0]]
  ↳ app/views/users/index.html.erb:12
  Rendered users/index.html.erb within layouts/application (Duration: 6.3ms | Allocations: 2417)
[Webpacker] Everything's up-to-date. Nothing to do
  Rendered layout layouts/application.html.erb (Duration: 12.0ms | Allocations: 5394)
Completed 200 OK in 14ms (Views: 10.7ms | ActiveRecord: 1.9ms | Allocations: 6213)


Started GET "/" for 127.0.0.1 at 2021-07-15 07:09:31 +0530
Processing by UsersController#index as HTML
  Rendering layout layouts/application.html.erb
  Rendering users/index.html.erb within layouts/application
  [1m[35m (1.2ms)[0m  [1m[34mSELECT COUNT(*) FROM "users"[0m
  ↳ app/views/users/index.html.erb:3
  [1m[36mUser Load (1.6ms)[0m  [1m[34mSELECT "users".* FROM "users" ORDER BY name LIMIT $1 OFFSET $2[0m  [["LIMIT", 25], ["OFFSET", 0]]
  ↳ app/views/users/index.html.erb:12
  Rendered users/index.html.erb within layouts/application (Duration: 8.2ms | Allocations: 2246)
[Webpacker] Everything's up-to-date. Nothing to do
  Rendered layout layouts/application.html.erb (Duration: 13.1ms | Allocations: 5096)
Completed 200 OK in 15ms (Views: 10.8ms | ActiveRecord: 2.8ms | Allocations: 5746)


Started GET "/" for 127.0.0.1 at 2021-07-15 07:09:31 +0530
Processing by UsersController#index as HTML
  Rendering layout layouts/application.html.erb
  Rendering users/index.html.erb within layouts/application
  [1m[35m (1.8ms)[0m  [1m[34mSELECT COUNT(*) FROM "users"[0m
  ↳ app/views/users/index.html.erb:3
  [1m[36mUser Load (1.6ms)[0m  [1m[34mSELECT "users".* FROM "users" ORDER BY name LIMIT $1 OFFSET $2[0m  [["LIMIT", 25], ["OFFSET", 0]]
  ↳ app/views/users/index.html.erb:12
  Rendered users/index.html.erb within layouts/application (Duration: 8.1ms | Allocations: 2238)
[Webpacker] Everything's up-to-date. Nothing to do
  Rendered layout layouts/application.html.erb (Duration: 14.2ms | Allocations: 5086)
Completed 200 OK in 18ms (Views: 11.9ms | ActiveRecord: 3.3ms | Allocations: 5727)


Started GET "/" for 127.0.0.1 at 2021-07-15 07:09:31 +0530
Processing by UsersController#index as HTML
  Rendering layout layouts/application.html.erb
  Rendering users/index.html.erb within layouts/application
  [1m[35m (1.7ms)[0m  [1m[34mSELECT COUNT(*) FROM "users"[0m
  ↳ app/views/users/index.html.erb:3
  [1m[36mUser Load (1.4ms)[0m  [1m[34mSELECT "users".* FROM "users" ORDER BY name LIMIT $1 OFFSET $2[0m  [["LIMIT", 25], ["OFFSET", 0]]
  ↳ app/views/users/index.html.erb:12
  Rendered users/index.html.erb within layouts/application (Duration: 9.3ms | Allocations: 2238)
[Webpacker] Everything's up-to-date. Nothing to do
  Rendered layout layouts/application.html.erb (Duration: 13.8ms | Allocations: 5086)
Completed 200 OK in 17ms (Views: 11.4ms | ActiveRecord: 3.2ms | Allocations: 5726)


Started GET "/" for 127.0.0.1 at 2021-07-15 07:09:31 +0530
Processing by UsersController#index as HTML
  Rendering layout layouts/application.html.erb
  Rendering users/index.html.erb within layouts/application
  [1m[35m (1.4ms)[0m  [1m[34mSELECT COUNT(*) FROM "users"[0m
  ↳ app/views/users/index.html.erb:3
  [1m[36mUser Load (1.5ms)[0m  [1m[34mSELECT "users".* FROM "users" ORDER BY name LIMIT $1 OFFSET $2[0m  [["LIMIT", 25], ["OFFSET", 0]]
  ↳ app/views/users/index.html.erb:12
  Rendered users/index.html.erb within layouts/application (Duration: 7.8ms | Allocations: 2625)
[Webpacker] Everything's up-to-date. Nothing to do
  Rendered layout layouts/application.html.erb (Duration: 14.3ms | Allocations: 5473)
Completed 200 OK in 17ms (Views: 12.0ms | ActiveRecord: 2.9ms | Allocations: 6113)


Started GET "/" for 127.0.0.1 at 2021-07-15 07:09:31 +0530
Processing by UsersController#index as HTML
  Rendering layout layouts/application.html.erb
  Rendering users/index.html.erb within layouts/application
  [1m[35m (1.7ms)[0m  [1m[34mSELECT COUNT(*) FROM "users"[0m
  ↳ app/views/users/index.html.erb:3
  [1m[36mUser Load (1.1ms)[0m  [1m[34mSELECT "users".* FROM "users" ORDER BY name LIMIT $1 OFFSET $2[0m  [["LIMIT", 25], ["OFFSET", 0]]
  ↳ app/views/users/index.html.erb:12
  Rendered users/index.html.erb within layouts/application (Duration: 6.9ms | Allocations: 2238)
[Webpacker] Everything's up-to-date. Nothing to do
  Rendered layout layouts/application.html.erb (Duration: 11.6ms | Allocations: 5086)
Completed 200 OK in 15ms (Views: 9.6ms | ActiveRecord: 2.7ms | Allocations: 5726)


Started GET "/" for 127.0.0.1 at 2021-07-15 07:09:32 +0530
Processing by UsersController#index as HTML
  Rendering layout layouts/application.html.erb
  Rendering users/index.html.erb within layouts/application
  [1m[35m (1.0ms)[0m  [1m[34mSELECT COUNT(*) FROM "users"[0m
  ↳ app/views/users/index.html.erb:3
  [1m[36mUser Load (1.7ms)[0m  [1m[34mSELECT "users".* FROM "users" ORDER BY name LIMIT $1 OFFSET $2[0m  [["LIMIT", 25], ["OFFSET", 0]]
  ↳ app/views/users/index.html.erb:12
  Rendered users/index.html.erb within layouts/application (Duration: 7.4ms | Allocations: 2246)
[Webpacker] Everything's up-to-date. Nothing to do
  Rendered layout layouts/application.html.erb (Duration: 13.8ms | Allocations: 5096)
Completed 200 OK in 16ms (Views: 11.6ms | ActiveRecord: 2.7ms | Allocations: 5746)


Started GET "/" for 127.0.0.1 at 2021-07-15 07:09:32 +0530
Processing by UsersController#index as HTML
  Rendering layout layouts/application.html.erb
  Rendering users/index.html.erb within layouts/application
  [1m[35m (1.3ms)[0m  [1m[34mSELECT COUNT(*) FROM "users"[0m
  ↳ app/views/users/index.html.erb:3
  [1m[36mUser Load (1.2ms)[0m  [1m[34mSELECT "users".* FROM "users" ORDER BY name LIMIT $1 OFFSET $2[0m  [["LIMIT", 25], ["OFFSET", 0]]
  ↳ app/views/users/index.html.erb:12
  Rendered users/index.html.erb within layouts/application (Duration: 6.5ms | Allocations: 2238)
[Webpacker] Everything's up-to-date. Nothing to do
  Rendered layout layouts/application.html.erb (Duration: 11.0ms | Allocations: 5086)
Completed 200 OK in 14ms (Views: 9.2ms | ActiveRecord: 2.5ms | Allocations: 5726)


Started GET "/" for 127.0.0.1 at 2021-07-15 07:09:32 +0530
Processing by UsersController#index as HTML
  Rendering layout layouts/application.html.erb
  Rendering users/index.html.erb within layouts/application
  [1m[35m (1.3ms)[0m  [1m[34mSELECT COUNT(*) FROM "users"[0m
  ↳ app/views/users/index.html.erb:3
  [1m[36mUser Load (1.1ms)[0m  [1m[34mSELECT "users".* FROM "users" ORDER BY name LIMIT $1 OFFSET $2[0m  [["LIMIT", 25], ["OFFSET", 0]]
  ↳ app/views/users/index.html.erb:12
  Rendered users/index.html.erb within layouts/application (Duration: 6.1ms | Allocations: 2238)
[Webpacker] Everything's up-to-date. Nothing to do
  Rendered layout layouts/application.html.erb (Duration: 10.4ms | Allocations: 5086)
Completed 200 OK in 13ms (Views: 8.6ms | ActiveRecord: 2.4ms | Allocations: 5726)


Started GET "/" for 127.0.0.1 at 2021-07-15 07:09:32 +0530
Processing by UsersController#index as HTML
  Rendering layout layouts/application.html.erb
  Rendering users/index.html.erb within layouts/application
  [1m[35m (1.2ms)[0m  [1m[34mSELECT COUNT(*) FROM "users"[0m
  ↳ app/views/users/index.html.erb:3
  [1m[36mUser Load (1.4ms)[0m  [1m[34mSELECT "users".* FROM "users" ORDER BY name LIMIT $1 OFFSET $2[0m  [["LIMIT", 25], ["OFFSET", 0]]
  ↳ app/views/users/index.html.erb:12
  Rendered users/index.html.erb within layouts/application (Duration: 8.1ms | Allocations: 2238)
[Webpacker] Everything's up-to-date. Nothing to do
  Rendered layout layouts/application.html.erb (Duration: 12.7ms | Allocations: 5086)
Completed 200 OK in 15ms (Views: 10.6ms | ActiveRecord: 2.6ms | Allocations: 5726)


Started GET "/" for 127.0.0.1 at 2021-07-15 07:09:32 +0530
Processing by UsersController#index as HTML
  Rendering layout layouts/application.html.erb
  Rendering users/index.html.erb within layouts/application
  [1m[35m (1.2ms)[0m  [1m[34mSELECT COUNT(*) FROM "users"[0m
  ↳ app/views/users/index.html.erb:3
  [1m[36mUser Load (1.5ms)[0m  [1m[34mSELECT "users".* FROM "users" ORDER BY name LIMIT $1 OFFSET $2[0m  [["LIMIT", 25], ["OFFSET", 0]]
  ↳ app/views/users/index.html.erb:12
  Rendered users/index.html.erb within layouts/application (Duration: 7.9ms | Allocations: 2238)
[Webpacker] Everything's up-to-date. Nothing to do
  Rendered layout layouts/application.html.erb (Duration: 12.8ms | Allocations: 5086)
Completed 200 OK in 15ms (Views: 10.8ms | ActiveRecord: 2.7ms | Allocations: 5741)


Started GET "/" for 127.0.0.1 at 2021-07-15 07:09:32 +0530
Processing by UsersController#index as HTML
  Rendering layout layouts/application.html.erb
  Rendering users/index.html.erb within layouts/application
  [1m[35m (1.2ms)[0m  [1m[34mSELECT COUNT(*) FROM "users"[0m
  ↳ app/views/users/index.html.erb:3
  [1m[36mUser Load (1.1ms)[0m  [1m[34mSELECT "users".* FROM "users" ORDER BY name LIMIT $1 OFFSET $2[0m  [["LIMIT", 25], ["OFFSET", 0]]
  ↳ app/views/users/index.html.erb:12
  Rendered users/index.html.erb within layouts/application (Duration: 15.8ms | Allocations: 2247)
[Webpacker] Everything's up-to-date. Nothing to do
  Rendered layout layouts/application.html.erb (Duration: 22.3ms | Allocations: 5107)
Completed 200 OK in 25ms (Views: 20.8ms | ActiveRecord: 2.3ms | Allocations: 5757)


Started GET "/" for 127.0.0.1 at 2021-07-15 07:09:33 +0530
Processing by UsersController#index as HTML
  Rendering layout layouts/application.html.erb
  Rendering users/index.html.erb within layouts/application
  [1m[35m (1.3ms)[0m  [1m[34mSELECT COUNT(*) FROM "users"[0m
  ↳ app/views/users/index.html.erb:3
  [1m[36mUser Load (1.1ms)[0m  [1m[34mSELECT "users".* FROM "users" ORDER BY name LIMIT $1 OFFSET $2[0m  [["LIMIT", 25], ["OFFSET", 0]]
  ↳ app/views/users/index.html.erb:12
  Rendered users/index.html.erb within layouts/application (Duration: 7.5ms | Allocations: 2239)
[Webpacker] Everything's up-to-date. Nothing to do
  Rendered layout layouts/application.html.erb (Duration: 14.5ms | Allocations: 5097)
Completed 200 OK in 18ms (Views: 12.7ms | ActiveRecord: 2.4ms | Allocations: 6120)


Started GET "/" for 127.0.0.1 at 2021-07-15 07:09:33 +0530
Processing by UsersController#index as HTML
  Rendering layout layouts/application.html.erb
  Rendering users/index.html.erb within layouts/application
  [1m[35m (1.4ms)[0m  [1m[34mSELECT COUNT(*) FROM "users"[0m
  ↳ app/views/users/index.html.erb:3
  [1m[36mUser Load (1.1ms)[0m  [1m[34mSELECT "users".* FROM "users" ORDER BY name LIMIT $1 OFFSET $2[0m  [["LIMIT", 25], ["OFFSET", 0]]
  ↳ app/views/users/index.html.erb:12
  Rendered users/index.html.erb within layouts/application (Duration: 6.8ms | Allocations: 2238)
[Webpacker] Everything's up-to-date. Nothing to do
  Rendered layout layouts/application.html.erb (Duration: 11.6ms | Allocations: 5086)
Completed 200 OK in 14ms (Views: 9.9ms | ActiveRecord: 2.5ms | Allocations: 5726)


Started GET "/" for 127.0.0.1 at 2021-07-15 07:12:24 +0530
  [1m[35m (1.0ms)[0m  [1m[34mSELECT "schema_migrations"."version" FROM "schema_migrations" ORDER BY "schema_migrations"."version" ASC[0m
Processing by UsersController#index as HTML
  Rendering layout layouts/application.html.erb
  Rendering users/index.html.erb within layouts/application
  [1m[35m (1.0ms)[0m  [1m[34mSELECT COUNT(*) FROM "users"[0m
  ↳ app/views/users/index.html.erb:3
  [1m[36mUser Load (1.0ms)[0m  [1m[34mSELECT "users".* FROM "users" ORDER BY name LIMIT $1 OFFSET $2[0m  [["LIMIT", 25], ["OFFSET", 0]]
  ↳ app/views/users/index.html.erb:12
  Rendered users/index.html.erb within layouts/application (Duration: 19.7ms | Allocations: 7891)
[Webpacker] Everything's up-to-date. Nothing to do
  Rendered layout layouts/application.html.erb (Duration: 28.7ms | Allocations: 13554)
Completed 200 OK in 59ms (Views: 24.0ms | ActiveRecord: 7.6ms | Allocations: 18208)


Started GET "/" for 127.0.0.1 at 2021-07-15 07:12:25 +0530
Processing by UsersController#index as HTML
  Rendering layout layouts/application.html.erb
  Rendering users/index.html.erb within layouts/application
  [1m[35m (1.0ms)[0m  [1m[34mSELECT COUNT(*) FROM "users"[0m
  ↳ app/views/users/index.html.erb:3
  [1m[36mUser Load (0.7ms)[0m  [1m[34mSELECT "users".* FROM "users" ORDER BY name LIMIT $1 OFFSET $2[0m  [["LIMIT", 25], ["OFFSET", 0]]
  ↳ app/views/users/index.html.erb:12
  Rendered users/index.html.erb within layouts/application (Duration: 4.5ms | Allocations: 2417)
[Webpacker] Everything's up-to-date. Nothing to do
  Rendered layout layouts/application.html.erb (Duration: 7.8ms | Allocations: 5394)
Completed 200 OK in 10ms (Views: 6.5ms | ActiveRecord: 1.8ms | Allocations: 6213)


Started GET "/" for 127.0.0.1 at 2021-07-15 07:12:25 +0530
Processing by UsersController#index as HTML
  Rendering layout layouts/application.html.erb
  Rendering users/index.html.erb within layouts/application
  [1m[35m (0.9ms)[0m  [1m[34mSELECT COUNT(*) FROM "users"[0m
  ↳ app/views/users/index.html.erb:3
  [1m[36mUser Load (1.7ms)[0m  [1m[34mSELECT "users".* FROM "users" ORDER BY name LIMIT $1 OFFSET $2[0m  [["LIMIT", 25], ["OFFSET", 0]]
  ↳ app/views/users/index.html.erb:12
  Rendered users/index.html.erb within layouts/application (Duration: 6.8ms | Allocations: 2238)
[Webpacker] Everything's up-to-date. Nothing to do
  Rendered layout layouts/application.html.erb (Duration: 12.3ms | Allocations: 5087)
Completed 200 OK in 14ms (Views: 10.1ms | ActiveRecord: 2.6ms | Allocations: 5727)


Started GET "/" for 127.0.0.1 at 2021-07-15 07:12:26 +0530
Processing by UsersController#index as HTML
  Rendering layout layouts/application.html.erb
  Rendering users/index.html.erb within layouts/application
  [1m[35m (0.9ms)[0m  [1m[34mSELECT COUNT(*) FROM "users"[0m
  ↳ app/views/users/index.html.erb:3
  [1m[36mUser Load (1.4ms)[0m  [1m[34mSELECT "users".* FROM "users" ORDER BY name LIMIT $1 OFFSET $2[0m  [["LIMIT", 25], ["OFFSET", 0]]
  ↳ app/views/users/index.html.erb:12
  Rendered users/index.html.erb within layouts/application (Duration: 6.9ms | Allocations: 2238)
[Webpacker] Everything's up-to-date. Nothing to do
  Rendered layout layouts/application.html.erb (Duration: 12.5ms | Allocations: 5086)
Completed 200 OK in 14ms (Views: 10.6ms | ActiveRecord: 2.3ms | Allocations: 5727)


Started GET "/" for 127.0.0.1 at 2021-07-15 07:12:26 +0530
Processing by UsersController#index as HTML
  Rendering layout layouts/application.html.erb
  Rendering users/index.html.erb within layouts/application
  [1m[35m (0.7ms)[0m  [1m[34mSELECT COUNT(*) FROM "users"[0m
  ↳ app/views/users/index.html.erb:3
  [1m[36mUser Load (0.8ms)[0m  [1m[34mSELECT "users".* FROM "users" ORDER BY name LIMIT $1 OFFSET $2[0m  [["LIMIT", 25], ["OFFSET", 0]]
  ↳ app/views/users/index.html.erb:12
  Rendered users/index.html.erb within layouts/application (Duration: 4.8ms | Allocations: 2238)
[Webpacker] Everything's up-to-date. Nothing to do
  Rendered layout layouts/application.html.erb (Duration: 8.2ms | Allocations: 5086)
Completed 200 OK in 10ms (Views: 7.1ms | ActiveRecord: 1.5ms | Allocations: 5726)


Started GET "/" for 127.0.0.1 at 2021-07-15 07:12:26 +0530
Processing by UsersController#index as HTML
  Rendering layout layouts/application.html.erb
  Rendering users/index.html.erb within layouts/application
  [1m[35m (0.9ms)[0m  [1m[34mSELECT COUNT(*) FROM "users"[0m
  ↳ app/views/users/index.html.erb:3
  [1m[36mUser Load (0.8ms)[0m  [1m[34mSELECT "users".* FROM "users" ORDER BY name LIMIT $1 OFFSET $2[0m  [["LIMIT", 25], ["OFFSET", 0]]
  ↳ app/views/users/index.html.erb:12
  Rendered users/index.html.erb within layouts/application (Duration: 5.2ms | Allocations: 2238)
[Webpacker] Everything's up-to-date. Nothing to do
  Rendered layout layouts/application.html.erb (Duration: 9.1ms | Allocations: 5086)
Completed 200 OK in 12ms (Views: 8.0ms | ActiveRecord: 1.8ms | Allocations: 5726)


Started GET "/" for 127.0.0.1 at 2021-07-15 07:12:26 +0530
Processing by UsersController#index as HTML
  Rendering layout layouts/application.html.erb
  Rendering users/index.html.erb within layouts/application
  [1m[35m (0.9ms)[0m  [1m[34mSELECT COUNT(*) FROM "users"[0m
  ↳ app/views/users/index.html.erb:3
  [1m[36mUser Load (0.8ms)[0m  [1m[34mSELECT "users".* FROM "users" ORDER BY name LIMIT $1 OFFSET $2[0m  [["LIMIT", 25], ["OFFSET", 0]]
  ↳ app/views/users/index.html.erb:12
  Rendered users/index.html.erb within layouts/application (Duration: 4.5ms | Allocations: 2238)
[Webpacker] Everything's up-to-date. Nothing to do
  Rendered layout layouts/application.html.erb (Duration: 10.2ms | Allocations: 5086)
Completed 200 OK in 12ms (Views: 9.1ms | ActiveRecord: 1.7ms | Allocations: 5726)


Started GET "/" for 127.0.0.1 at 2021-07-15 07:12:26 +0530
Processing by UsersController#index as HTML
  Rendering layout layouts/application.html.erb
  Rendering users/index.html.erb within layouts/application
  [1m[35m (0.8ms)[0m  [1m[34mSELECT COUNT(*) FROM "users"[0m
  ↳ app/views/users/index.html.erb:3
  [1m[36mUser Load (0.8ms)[0m  [1m[34mSELECT "users".* FROM "users" ORDER BY name LIMIT $1 OFFSET $2[0m  [["LIMIT", 25], ["OFFSET", 0]]
  ↳ app/views/users/index.html.erb:12
  Rendered users/index.html.erb within layouts/application (Duration: 5.1ms | Allocations: 2238)
[Webpacker] Everything's up-to-date. Nothing to do
  Rendered layout layouts/application.html.erb (Duration: 10.9ms | Allocations: 5461)
Completed 200 OK in 13ms (Views: 10.0ms | ActiveRecord: 1.6ms | Allocations: 6101)


Started GET "/" for 127.0.0.1 at 2021-07-15 07:13:12 +0530
Processing by UsersController#index as HTML
  Rendering layout layouts/application.html.erb
  Rendering users/index.html.erb within layouts/application
  [1m[35m (1.3ms)[0m  [1m[34mSELECT COUNT(*) FROM "users"[0m
  ↳ app/views/users/index.html.erb:3
  [1m[36mUser Load (1.0ms)[0m  [1m[34mSELECT "users".* FROM "users" ORDER BY name LIMIT $1 OFFSET $2[0m  [["LIMIT", 2], ["OFFSET", 0]]
  ↳ app/views/users/index.html.erb:12
  Rendered users/index.html.erb within layouts/application (Duration: 23.1ms | Allocations: 9126)
[Webpacker] Everything's up-to-date. Nothing to do
  Rendered layout layouts/application.html.erb (Duration: 29.3ms | Allocations: 12173)
Completed 200 OK in 33ms (Views: 22.9ms | ActiveRecord: 7.3ms | Allocations: 13949)


Started GET "/" for 127.0.0.1 at 2021-07-15 07:13:37 +0530
Processing by UsersController#index as HTML
  Rendering layout layouts/application.html.erb
  Rendering users/index.html.erb within layouts/application
  [1m[35m (1.0ms)[0m  [1m[34mSELECT COUNT(*) FROM "users"[0m
  ↳ app/views/users/index.html.erb:3
  [1m[36mUser Load (1.1ms)[0m  [1m[34mSELECT "users".* FROM "users" LIMIT $1 OFFSET $2[0m  [["LIMIT", 2], ["OFFSET", 0]]
  ↳ app/views/users/index.html.erb:12
  Rendered users/index.html.erb within layouts/application (Duration: 20.7ms | Allocations: 7287)
[Webpacker] Everything's up-to-date. Nothing to do
  Rendered layout layouts/application.html.erb (Duration: 26.0ms | Allocations: 10365)
Completed 200 OK in 29ms (Views: 18.4ms | ActiveRecord: 8.5ms | Allocations: 11937)


Started GET "/" for 127.0.0.1 at 2021-07-15 07:13:45 +0530
Processing by UsersController#index as HTML
  Rendering layout layouts/application.html.erb
  Rendering users/index.html.erb within layouts/application
  [1m[35m (0.9ms)[0m  [1m[34mSELECT COUNT(*) FROM "users"[0m
  ↳ app/views/users/index.html.erb:3
  [1m[36mUser Load (1.6ms)[0m  [1m[34mSELECT "users".* FROM "users" LIMIT $1 OFFSET $2[0m  [["LIMIT", 2], ["OFFSET", 0]]
  ↳ app/views/users/index.html.erb:12
  Rendered users/index.html.erb within layouts/application (Duration: 22.3ms | Allocations: 6992)
[Webpacker] Everything's up-to-date. Nothing to do
  Rendered layout layouts/application.html.erb (Duration: 29.1ms | Allocations: 10038)
Completed 200 OK in 32ms (Views: 22.0ms | ActiveRecord: 8.1ms | Allocations: 11598)


Started GET "/?page=2" for 127.0.0.1 at 2021-07-15 07:14:05 +0530
Processing by UsersController#index as HTML
  Parameters: {"page"=>"2"}
  Rendering layout layouts/application.html.erb
  Rendering users/index.html.erb within layouts/application
  [1m[35m (1.8ms)[0m  [1m[34mSELECT COUNT(*) FROM "users"[0m
  ↳ app/views/users/index.html.erb:3
  [1m[36mUser Load (0.8ms)[0m  [1m[34mSELECT "users".* FROM "users" LIMIT $1 OFFSET $2[0m  [["LIMIT", 2], ["OFFSET", 2]]
  ↳ app/views/users/index.html.erb:12
  Rendered users/index.html.erb within layouts/application (Duration: 17.2ms | Allocations: 4674)
[Webpacker] Everything's up-to-date. Nothing to do
  Rendered layout layouts/application.html.erb (Duration: 21.6ms | Allocations: 7522)
Completed 200 OK in 24ms (Views: 19.8ms | ActiveRecord: 2.6ms | Allocations: 8133)


Started GET "/?page=3" for 127.0.0.1 at 2021-07-15 07:14:11 +0530
Processing by UsersController#index as HTML
  Parameters: {"page"=>"3"}
  Rendering layout layouts/application.html.erb
  Rendering users/index.html.erb within layouts/application
  [1m[35m (0.8ms)[0m  [1m[34mSELECT COUNT(*) FROM "users"[0m
  ↳ app/views/users/index.html.erb:3
  [1m[36mUser Load (0.8ms)[0m  [1m[34mSELECT "users".* FROM "users" LIMIT $1 OFFSET $2[0m  [["LIMIT", 2], ["OFFSET", 4]]
  ↳ app/views/users/index.html.erb:12
  Rendered users/index.html.erb within layouts/application (Duration: 6.8ms | Allocations: 3366)
[Webpacker] Everything's up-to-date. Nothing to do
  Rendered layout layouts/application.html.erb (Duration: 10.0ms | Allocations: 6214)
Completed 200 OK in 11ms (Views: 8.9ms | ActiveRecord: 1.7ms | Allocations: 6762)


Started GET "/" for 127.0.0.1 at 2021-07-15 07:14:13 +0530
Processing by UsersController#index as HTML
  Rendering layout layouts/application.html.erb
  Rendering users/index.html.erb within layouts/application
  [1m[35m (2.0ms)[0m  [1m[34mSELECT COUNT(*) FROM "users"[0m
  ↳ app/views/users/index.html.erb:3
  [1m[36mUser Load (1.4ms)[0m  [1m[34mSELECT "users".* FROM "users" LIMIT $1 OFFSET $2[0m  [["LIMIT", 2], ["OFFSET", 0]]
  ↳ app/views/users/index.html.erb:12
  Rendered users/index.html.erb within layouts/application (Duration: 13.9ms | Allocations: 3364)
[Webpacker] Everything's up-to-date. Nothing to do
  Rendered layout layouts/application.html.erb (Duration: 19.9ms | Allocations: 6212)
Completed 200 OK in 23ms (Views: 17.6ms | ActiveRecord: 3.5ms | Allocations: 6762)


Started GET "/?page=3" for 127.0.0.1 at 2021-07-15 07:14:15 +0530
Processing by UsersController#index as HTML
  Parameters: {"page"=>"3"}
  Rendering layout layouts/application.html.erb
  Rendering users/index.html.erb within layouts/application
  [1m[35m (2.2ms)[0m  [1m[34mSELECT COUNT(*) FROM "users"[0m
  ↳ app/views/users/index.html.erb:3
  [1m[36mUser Load (1.2ms)[0m  [1m[34mSELECT "users".* FROM "users" LIMIT $1 OFFSET $2[0m  [["LIMIT", 2], ["OFFSET", 4]]
  ↳ app/views/users/index.html.erb:12
  Rendered users/index.html.erb within layouts/application (Duration: 16.0ms | Allocations: 3366)
[Webpacker] Everything's up-to-date. Nothing to do
  Rendered layout layouts/application.html.erb (Duration: 21.2ms | Allocations: 6214)
Completed 200 OK in 25ms (Views: 19.2ms | ActiveRecord: 3.4ms | Allocations: 6762)


Started GET "/?page=2" for 127.0.0.1 at 2021-07-15 07:14:18 +0530
Processing by UsersController#index as HTML
  Parameters: {"page"=>"2"}
  Rendering layout layouts/application.html.erb
  Rendering users/index.html.erb within layouts/application
  [1m[35m (1.0ms)[0m  [1m[34mSELECT COUNT(*) FROM "users"[0m
  ↳ app/views/users/index.html.erb:3
  [1m[36mUser Load (1.0ms)[0m  [1m[34mSELECT "users".* FROM "users" LIMIT $1 OFFSET $2[0m  [["LIMIT", 2], ["OFFSET", 2]]
  ↳ app/views/users/index.html.erb:12
  Rendered users/index.html.erb within layouts/application (Duration: 8.9ms | Allocations: 3898)
[Webpacker] Everything's up-to-date. Nothing to do
  Rendered layout layouts/application.html.erb (Duration: 12.5ms | Allocations: 6746)
Completed 200 OK in 14ms (Views: 11.0ms | ActiveRecord: 2.0ms | Allocations: 7294)


Started GET "/?page=2" for 127.0.0.1 at 2021-07-15 07:18:41 +0530
Processing by UsersController#index as HTML
  Parameters: {"page"=>"2"}
  Rendering layout layouts/application.html.erb
  Rendering users/index.html.erb within layouts/application
  [1m[35m (0.9ms)[0m  [1m[34mSELECT COUNT(*) FROM "users"[0m
  ↳ app/views/users/index.html.erb:3
  [1m[36mUser Load (0.9ms)[0m  [1m[34mSELECT "users".* FROM "users" LIMIT $1 OFFSET $2[0m  [["LIMIT", 2], ["OFFSET", 2]]
  ↳ app/views/users/index.html.erb:12
  Rendered users/index.html.erb within layouts/application (Duration: 18.0ms | Allocations: 8860)
[Webpacker] Everything's up-to-date. Nothing to do
  Rendered layout layouts/application.html.erb (Duration: 23.3ms | Allocations: 11918)
Completed 200 OK in 26ms (Views: 18.2ms | ActiveRecord: 6.0ms | Allocations: 13479)


Started GET "/?page=2" for 127.0.0.1 at 2021-07-15 07:23:14 +0530
  [1m[35m (1.0ms)[0m  [1m[34mSELECT "schema_migrations"."version" FROM "schema_migrations" ORDER BY "schema_migrations"."version" ASC[0m
Processing by UsersController#index as HTML
  Parameters: {"page"=>"2"}
  Rendering layout layouts/application.html.erb
  Rendering users/index.html.erb within layouts/application
  [1m[35m (1.0ms)[0m  [1m[34mSELECT COUNT(*) FROM "users"[0m
  ↳ app/views/users/index.html.erb:3
  [1m[36mUser Load (0.8ms)[0m  [1m[34mSELECT "users".* FROM "users" LIMIT $1 OFFSET $2[0m  [["LIMIT", 2], ["OFFSET", 2]]
  ↳ app/views/users/index.html.erb:12
  Rendered users/index.html.erb within layouts/application (Duration: 35.7ms | Allocations: 12381)
[Webpacker] Everything's up-to-date. Nothing to do
  Rendered layout layouts/application.html.erb (Duration: 45.0ms | Allocations: 18037)
Completed 200 OK in 54ms (Views: 39.1ms | ActiveRecord: 7.7ms | Allocations: 22698)


Started GET "/" for 127.0.0.1 at 2021-07-15 07:23:18 +0530
Processing by UsersController#index as HTML
  Rendering layout layouts/application.html.erb
  Rendering users/index.html.erb within layouts/application
  [1m[35m (1.3ms)[0m  [1m[34mSELECT COUNT(*) FROM "users"[0m
  ↳ app/views/users/index.html.erb:3
  [1m[36mUser Load (1.0ms)[0m  [1m[34mSELECT "users".* FROM "users" LIMIT $1 OFFSET $2[0m  [["LIMIT", 2], ["OFFSET", 0]]
  ↳ app/views/users/index.html.erb:12
  Rendered users/index.html.erb within layouts/application (Duration: 10.3ms | Allocations: 3554)
[Webpacker] Everything's up-to-date. Nothing to do
  Rendered layout layouts/application.html.erb (Duration: 13.4ms | Allocations: 6531)
Completed 200 OK in 15ms (Views: 11.7ms | ActiveRecord: 2.3ms | Allocations: 7219)


Started GET "/?page=2" for 127.0.0.1 at 2021-07-15 07:23:21 +0530
Processing by UsersController#index as HTML
  Parameters: {"page"=>"2"}
  Rendering layout layouts/application.html.erb
  Rendering users/index.html.erb within layouts/application
  [1m[35m (1.1ms)[0m  [1m[34mSELECT COUNT(*) FROM "users"[0m
  ↳ app/views/users/index.html.erb:3
  [1m[36mUser Load (0.7ms)[0m  [1m[34mSELECT "users".* FROM "users" LIMIT $1 OFFSET $2[0m  [["LIMIT", 2], ["OFFSET", 2]]
  ↳ app/views/users/index.html.erb:12
  Rendered users/index.html.erb within layouts/application (Duration: 8.8ms | Allocations: 3816)
[Webpacker] Everything's up-to-date. Nothing to do
  Rendered layout layouts/application.html.erb (Duration: 12.7ms | Allocations: 6666)
Completed 200 OK in 14ms (Views: 11.4ms | ActiveRecord: 1.8ms | Allocations: 7224)


Started GET "/?page=3" for 127.0.0.1 at 2021-07-15 07:23:33 +0530
Processing by UsersController#index as HTML
  Parameters: {"page"=>"3"}
  Rendering layout layouts/application.html.erb
  Rendering users/index.html.erb within layouts/application
  [1m[35m (1.9ms)[0m  [1m[34mSELECT COUNT(*) FROM "users"[0m
  ↳ app/views/users/index.html.erb:3
  [1m[36mUser Load (1.6ms)[0m  [1m[34mSELECT "users".* FROM "users" LIMIT $1 OFFSET $2[0m  [["LIMIT", 2], ["OFFSET", 4]]
  ↳ app/views/users/index.html.erb:12
  Rendered users/index.html.erb within layouts/application (Duration: 14.7ms | Allocations: 3294)
[Webpacker] Everything's up-to-date. Nothing to do
  Rendered layout layouts/application.html.erb (Duration: 19.6ms | Allocations: 6142)
Completed 200 OK in 23ms (Views: 17.5ms | ActiveRecord: 3.5ms | Allocations: 6691)


Started GET "/?page=2" for 127.0.0.1 at 2021-07-15 07:23:35 +0530
Processing by UsersController#index as HTML
  Parameters: {"page"=>"2"}
  Rendering layout layouts/application.html.erb
  Rendering users/index.html.erb within layouts/application
  [1m[35m (2.9ms)[0m  [1m[34mSELECT COUNT(*) FROM "users"[0m
  ↳ app/views/users/index.html.erb:3
  [1m[36mUser Load (1.6ms)[0m  [1m[34mSELECT "users".* FROM "users" LIMIT $1 OFFSET $2[0m  [["LIMIT", 2], ["OFFSET", 2]]
  ↳ app/views/users/index.html.erb:12
  Rendered users/index.html.erb within layouts/application (Duration: 19.4ms | Allocations: 3840)
[Webpacker] Everything's up-to-date. Nothing to do
  Rendered layout layouts/application.html.erb (Duration: 25.7ms | Allocations: 6689)
Completed 200 OK in 30ms (Views: 22.9ms | ActiveRecord: 4.5ms | Allocations: 7246)


Started GET "/" for 127.0.0.1 at 2021-07-15 07:23:36 +0530
Processing by UsersController#index as HTML
  Rendering layout layouts/application.html.erb
  Rendering users/index.html.erb within layouts/application
  [1m[35m (4.0ms)[0m  [1m[34mSELECT COUNT(*) FROM "users"[0m
  ↳ app/views/users/index.html.erb:3
  [1m[36mUser Load (1.9ms)[0m  [1m[34mSELECT "users".* FROM "users" LIMIT $1 OFFSET $2[0m  [["LIMIT", 2], ["OFFSET", 0]]
  ↳ app/views/users/index.html.erb:12
  Rendered users/index.html.erb within layouts/application (Duration: 22.7ms | Allocations: 3290)
[Webpacker] Everything's up-to-date. Nothing to do
  Rendered layout layouts/application.html.erb (Duration: 29.5ms | Allocations: 6138)
Completed 200 OK in 34ms (Views: 25.0ms | ActiveRecord: 5.9ms | Allocations: 6688)


Started GET "/" for 127.0.0.1 at 2021-07-15 07:24:00 +0530
Processing by UsersController#index as HTML
  Rendering layout layouts/application.html.erb
  Rendering users/index.html.erb within layouts/application
  [1m[36mUser Load (0.9ms)[0m  [1m[34mSELECT "users".* FROM "users" LIMIT $1 OFFSET $2[0m  [["LIMIT", 2], ["OFFSET", 0]]
  ↳ app/views/users/index.html.erb:12
  [1m[35m (0.9ms)[0m  [1m[34mSELECT COUNT(*) FROM "users"[0m
  ↳ app/views/users/index.html.erb:22
  Rendered users/index.html.erb within layouts/application (Duration: 11.8ms | Allocations: 5080)
[Webpacker] Everything's up-to-date. Nothing to do
  Rendered layout layouts/application.html.erb (Duration: 17.7ms | Allocations: 8318)
Completed 200 OK in 21ms (Views: 18.0ms | ActiveRecord: 1.8ms | Allocations: 9867)


Started GET "/" for 127.0.0.1 at 2021-07-15 07:24:07 +0530
Processing by UsersController#index as HTML
  Rendering layout layouts/application.html.erb
  Rendering users/index.html.erb within layouts/application
  [1m[36mUser Load (2.2ms)[0m  [1m[34mSELECT "users".* FROM "users" LIMIT $1 OFFSET $2[0m  [["LIMIT", 2], ["OFFSET", 0]]
  ↳ app/views/users/index.html.erb:12
  [1m[35m (2.0ms)[0m  [1m[34mSELECT COUNT(*) FROM "users"[0m
  ↳ app/views/users/index.html.erb:22
  Rendered users/index.html.erb within layouts/application (Duration: 23.1ms | Allocations: 5081)
[Webpacker] Everything's up-to-date. Nothing to do
  Rendered layout layouts/application.html.erb (Duration: 28.9ms | Allocations: 8319)
Completed 200 OK in 38ms (Views: 30.4ms | ActiveRecord: 4.2ms | Allocations: 9891)


Started GET "/?page=2" for 127.0.0.1 at 2021-07-15 07:24:08 +0530
Processing by UsersController#index as HTML
  Parameters: {"page"=>"2"}
  Rendering layout layouts/application.html.erb
  Rendering users/index.html.erb within layouts/application
  [1m[36mUser Load (1.5ms)[0m  [1m[34mSELECT "users".* FROM "users" LIMIT $1 OFFSET $2[0m  [["LIMIT", 2], ["OFFSET", 2]]
  ↳ app/views/users/index.html.erb:12
  [1m[35m (1.5ms)[0m  [1m[34mSELECT COUNT(*) FROM "users"[0m
  ↳ app/views/users/index.html.erb:22
  Rendered users/index.html.erb within layouts/application (Duration: 16.0ms | Allocations: 4292)
[Webpacker] Everything's up-to-date. Nothing to do
  Rendered layout layouts/application.html.erb (Duration: 20.2ms | Allocations: 7140)
Completed 200 OK in 22ms (Views: 18.0ms | ActiveRecord: 3.0ms | Allocations: 7749)


Started GET "/" for 127.0.0.1 at 2021-07-15 16:11:15 +0530
  [1m[35m (3.4ms)[0m  [1m[34mSELECT "schema_migrations"."version" FROM "schema_migrations" ORDER BY "schema_migrations"."version" ASC[0m
Processing by UsersController#index as HTML
  Rendering layout layouts/application.html.erb
  Rendering users/index.html.erb within layouts/application
  [1m[36mUser Load (1.2ms)[0m  [1m[34mSELECT "users".* FROM "users" LIMIT $1 OFFSET $2[0m  [["LIMIT", 2], ["OFFSET", 0]]
  ↳ app/views/users/index.html.erb:12
  [1m[35m (1.6ms)[0m  [1m[34mSELECT COUNT(*) FROM "users"[0m
  ↳ app/views/users/index.html.erb:22
  Rendered users/index.html.erb within layouts/application (Duration: 30.2ms | Allocations: 11260)
[Webpacker] Everything's up-to-date. Nothing to do
  Rendered layout layouts/application.html.erb (Duration: 40.0ms | Allocations: 16923)
Completed 200 OK in 54ms (Views: 30.5ms | ActiveRecord: 12.2ms | Allocations: 21593)


Started GET "/?page=2" for 127.0.0.1 at 2021-07-15 16:11:18 +0530
Processing by UsersController#index as HTML
  Parameters: {"page"=>"2"}
  Rendering layout layouts/application.html.erb
  Rendering users/index.html.erb within layouts/application
  [1m[36mUser Load (2.3ms)[0m  [1m[34mSELECT "users".* FROM "users" LIMIT $1 OFFSET $2[0m  [["LIMIT", 2], ["OFFSET", 2]]
  ↳ app/views/users/index.html.erb:12
  [1m[35m (2.0ms)[0m  [1m[34mSELECT COUNT(*) FROM "users"[0m
  ↳ app/views/users/index.html.erb:22
  Rendered users/index.html.erb within layouts/application (Duration: 19.0ms | Allocations: 4656)
[Webpacker] Everything's up-to-date. Nothing to do
  Rendered layout layouts/application.html.erb (Duration: 26.0ms | Allocations: 7633)
Completed 200 OK in 29ms (Views: 22.8ms | ActiveRecord: 4.3ms | Allocations: 8318)


Started GET "/" for 127.0.0.1 at 2021-07-15 16:11:20 +0530
Processing by UsersController#index as HTML
  Rendering layout layouts/application.html.erb
  Rendering users/index.html.erb within layouts/application
  [1m[36mUser Load (1.1ms)[0m  [1m[34mSELECT "users".* FROM "users" LIMIT $1 OFFSET $2[0m  [["LIMIT", 2], ["OFFSET", 0]]
  ↳ app/views/users/index.html.erb:12
  [1m[35m (1.6ms)[0m  [1m[34mSELECT COUNT(*) FROM "users"[0m
  ↳ app/views/users/index.html.erb:22
  Rendered users/index.html.erb within layouts/application (Duration: 12.8ms | Allocations: 3342)
[Webpacker] Everything's up-to-date. Nothing to do
  Rendered layout layouts/application.html.erb (Duration: 17.4ms | Allocations: 6192)
Completed 200 OK in 19ms (Views: 15.3ms | ActiveRecord: 2.7ms | Allocations: 6753)


Started GET "/?page=3" for 127.0.0.1 at 2021-07-15 16:11:22 +0530
Processing by UsersController#index as HTML
  Parameters: {"page"=>"3"}
  Rendering layout layouts/application.html.erb
  Rendering users/index.html.erb within layouts/application
  [1m[36mUser Load (2.6ms)[0m  [1m[34mSELECT "users".* FROM "users" LIMIT $1 OFFSET $2[0m  [["LIMIT", 2], ["OFFSET", 4]]
  ↳ app/views/users/index.html.erb:12
  [1m[35m (2.4ms)[0m  [1m[34mSELECT COUNT(*) FROM "users"[0m
  ↳ app/views/users/index.html.erb:22
  Rendered users/index.html.erb within layouts/application (Duration: 19.0ms | Allocations: 3295)
[Webpacker] Everything's up-to-date. Nothing to do
  Rendered layout layouts/application.html.erb (Duration: 26.9ms | Allocations: 6143)
Completed 200 OK in 30ms (Views: 23.3ms | ActiveRecord: 5.0ms | Allocations: 6691)


Started GET "/" for 127.0.0.1 at 2021-07-15 16:11:25 +0530
Processing by UsersController#index as HTML
  Rendering layout layouts/application.html.erb
  Rendering users/index.html.erb within layouts/application
  [1m[36mUser Load (0.9ms)[0m  [1m[34mSELECT "users".* FROM "users" LIMIT $1 OFFSET $2[0m  [["LIMIT", 2], ["OFFSET", 0]]
  ↳ app/views/users/index.html.erb:12
  [1m[35m (1.0ms)[0m  [1m[34mSELECT COUNT(*) FROM "users"[0m
  ↳ app/views/users/index.html.erb:22
  Rendered users/index.html.erb within layouts/application (Duration: 8.0ms | Allocations: 3301)
[Webpacker] Everything's up-to-date. Nothing to do
  Rendered layout layouts/application.html.erb (Duration: 11.6ms | Allocations: 6151)
Completed 200 OK in 13ms (Views: 10.1ms | ActiveRecord: 1.9ms | Allocations: 6711)


Started GET "/?page=2" for 127.0.0.1 at 2021-07-15 16:11:26 +0530
Processing by UsersController#index as HTML
  Parameters: {"page"=>"2"}
  Rendering layout layouts/application.html.erb
  Rendering users/index.html.erb within layouts/application
  [1m[36mUser Load (1.5ms)[0m  [1m[34mSELECT "users".* FROM "users" LIMIT $1 OFFSET $2[0m  [["LIMIT", 2], ["OFFSET", 2]]
  ↳ app/views/users/index.html.erb:12
  [1m[35m (1.7ms)[0m  [1m[34mSELECT COUNT(*) FROM "users"[0m
  ↳ app/views/users/index.html.erb:22
  Rendered users/index.html.erb within layouts/application (Duration: 16.7ms | Allocations: 3805)
[Webpacker] Everything's up-to-date. Nothing to do
  Rendered layout layouts/application.html.erb (Duration: 21.6ms | Allocations: 6653)
Completed 200 OK in 25ms (Views: 19.5ms | ActiveRecord: 3.2ms | Allocations: 7201)


Started GET "/?page=3" for 127.0.0.1 at 2021-07-15 16:11:28 +0530
Processing by UsersController#index as HTML
  Parameters: {"page"=>"3"}
  Rendering layout layouts/application.html.erb
  Rendering users/index.html.erb within layouts/application
  [1m[36mUser Load (1.9ms)[0m  [1m[34mSELECT "users".* FROM "users" LIMIT $1 OFFSET $2[0m  [["LIMIT", 2], ["OFFSET", 4]]
  ↳ app/views/users/index.html.erb:12
  [1m[35m (1.9ms)[0m  [1m[34mSELECT COUNT(*) FROM "users"[0m
  ↳ app/views/users/index.html.erb:22
  Rendered users/index.html.erb within layouts/application (Duration: 16.3ms | Allocations: 3304)
[Webpacker] Everything's up-to-date. Nothing to do
  Rendered layout layouts/application.html.erb (Duration: 25.1ms | Allocations: 6154)
Completed 200 OK in 28ms (Views: 22.4ms | ActiveRecord: 3.8ms | Allocations: 6712)


Started GET "/" for 127.0.0.1 at 2021-07-15 16:12:38 +0530
Processing by UsersController#index as HTML
  Rendering layout layouts/application.html.erb
  Rendering users/index.html.erb within layouts/application
  [1m[36mUser Load (2.3ms)[0m  [1m[34mSELECT "users".* FROM "users" LIMIT $1 OFFSET $2[0m  [["LIMIT", 2], ["OFFSET", 0]]
  ↳ app/views/users/index.html.erb:12
  [1m[35m (2.1ms)[0m  [1m[34mSELECT COUNT(*) FROM "users"[0m
  ↳ app/views/users/index.html.erb:22
  Rendered users/index.html.erb within layouts/application (Duration: 18.6ms | Allocations: 3291)
[Webpacker] Everything's up-to-date. Nothing to do
  Rendered layout layouts/application.html.erb (Duration: 25.5ms | Allocations: 6162)
Completed 200 OK in 29ms (Views: 22.5ms | ActiveRecord: 4.3ms | Allocations: 6712)


Started GET "/?page=2" for 127.0.0.1 at 2021-07-15 16:12:41 +0530
Processing by UsersController#index as HTML
  Parameters: {"page"=>"2"}
  Rendering layout layouts/application.html.erb
  Rendering users/index.html.erb within layouts/application
  [1m[36mUser Load (4.4ms)[0m  [1m[34mSELECT "users".* FROM "users" LIMIT $1 OFFSET $2[0m  [["LIMIT", 2], ["OFFSET", 2]]
  ↳ app/views/users/index.html.erb:12
  [1m[35m (2.6ms)[0m  [1m[34mSELECT COUNT(*) FROM "users"[0m
  ↳ app/views/users/index.html.erb:22
  Rendered users/index.html.erb within layouts/application (Duration: 23.9ms | Allocations: 3805)
[Webpacker] Everything's up-to-date. Nothing to do
  Rendered layout layouts/application.html.erb (Duration: 30.9ms | Allocations: 6653)
Completed 200 OK in 34ms (Views: 25.2ms | ActiveRecord: 7.0ms | Allocations: 7201)


Started GET "/?page=3" for 127.0.0.1 at 2021-07-15 16:12:44 +0530
Processing by UsersController#index as HTML
  Parameters: {"page"=>"3"}
  Rendering layout layouts/application.html.erb
  Rendering users/index.html.erb within layouts/application
  [1m[36mUser Load (0.9ms)[0m  [1m[34mSELECT "users".* FROM "users" LIMIT $1 OFFSET $2[0m  [["LIMIT", 2], ["OFFSET", 4]]
  ↳ app/views/users/index.html.erb:12
  [1m[35m (1.1ms)[0m  [1m[34mSELECT COUNT(*) FROM "users"[0m
  ↳ app/views/users/index.html.erb:22
  Rendered users/index.html.erb within layouts/application (Duration: 9.0ms | Allocations: 3295)
[Webpacker] Everything's up-to-date. Nothing to do
  Rendered layout layouts/application.html.erb (Duration: 13.9ms | Allocations: 6143)
Completed 200 OK in 16ms (Views: 12.5ms | ActiveRecord: 2.0ms | Allocations: 6691)


Started GET "/?page=2" for 127.0.0.1 at 2021-07-15 16:12:47 +0530
Processing by UsersController#index as HTML
  Parameters: {"page"=>"2"}
  Rendering layout layouts/application.html.erb
  Rendering users/index.html.erb within layouts/application
  [1m[36mUser Load (2.4ms)[0m  [1m[34mSELECT "users".* FROM "users" LIMIT $1 OFFSET $2[0m  [["LIMIT", 2], ["OFFSET", 2]]
  ↳ app/views/users/index.html.erb:12
  [1m[35m (2.8ms)[0m  [1m[34mSELECT COUNT(*) FROM "users"[0m
  ↳ app/views/users/index.html.erb:22
  Rendered users/index.html.erb within layouts/application (Duration: 27.4ms | Allocations: 3805)
[Webpacker] Everything's up-to-date. Nothing to do
  Rendered layout layouts/application.html.erb (Duration: 35.4ms | Allocations: 6653)
Completed 200 OK in 39ms (Views: 31.7ms | ActiveRecord: 5.3ms | Allocations: 7201)


Started GET "/" for 127.0.0.1 at 2021-07-15 16:12:52 +0530
Processing by UsersController#index as HTML
  Rendering layout layouts/application.html.erb
  Rendering users/index.html.erb within layouts/application
  [1m[36mUser Load (1.9ms)[0m  [1m[34mSELECT "users".* FROM "users" LIMIT $1 OFFSET $2[0m  [["LIMIT", 2], ["OFFSET", 0]]
  ↳ app/views/users/index.html.erb:12
  [1m[35m (1.6ms)[0m  [1m[34mSELECT COUNT(*) FROM "users"[0m
  ↳ app/views/users/index.html.erb:22
  Rendered users/index.html.erb within layouts/application (Duration: 17.5ms | Allocations: 3293)
[Webpacker] Everything's up-to-date. Nothing to do
  Rendered layout layouts/application.html.erb (Duration: 23.9ms | Allocations: 6151)
Completed 200 OK in 30ms (Views: 21.9ms | ActiveRecord: 3.5ms | Allocations: 6703)


Started GET "/users/sign_in" for 127.0.0.1 at 2021-07-15 16:14:41 +0530
Processing by UsersController#show as HTML
  Parameters: {"id"=>"sign_in"}
  [1m[36mUser Load (0.6ms)[0m  [1m[34mSELECT "users".* FROM "users" WHERE "users"."id" = $1 LIMIT $2[0m  [["id", nil], ["LIMIT", 1]]
  ↳ app/controllers/users_controller.rb:7:in `show'
Completed 404 Not Found in 8ms (ActiveRecord: 0.6ms | Allocations: 3874)


  
ActiveRecord::RecordNotFound (Couldn't find User with 'id'=sign_in):
  
app/controllers/users_controller.rb:7:in `show'
Started GET "/" for 127.0.0.1 at 2021-07-18 19:35:13 +0530
  [1m[35m (1.7ms)[0m  [1m[34mSELECT "schema_migrations"."version" FROM "schema_migrations" ORDER BY "schema_migrations"."version" ASC[0m
Processing by UsersController#index as HTML
  Rendering layout layouts/application.html.erb
  Rendering users/index.html.erb within layouts/application
  [1m[36mUser Load (1.2ms)[0m  [1m[34mSELECT "users".* FROM "users" LIMIT $1 OFFSET $2[0m  [["LIMIT", 2], ["OFFSET", 0]]
  ↳ app/views/users/index.html.erb:12
  [1m[35m (2.0ms)[0m  [1m[34mSELECT COUNT(*) FROM "users"[0m
  ↳ app/views/users/index.html.erb:22
  Rendered users/index.html.erb within layouts/application (Duration: 26.4ms | Allocations: 11260)
[Webpacker] Everything's up-to-date. Nothing to do
  Rendered layout layouts/application.html.erb (Duration: 38.1ms | Allocations: 16967)
Completed 200 OK in 50ms (Views: 32.1ms | ActiveRecord: 8.6ms | Allocations: 21516)


Started GET "/?page=3" for 127.0.0.1 at 2021-07-18 19:35:15 +0530
Processing by UsersController#index as HTML
  Parameters: {"page"=>"3"}
  Rendering layout layouts/application.html.erb
  Rendering users/index.html.erb within layouts/application
  [1m[36mUser Load (1.6ms)[0m  [1m[34mSELECT "users".* FROM "users" LIMIT $1 OFFSET $2[0m  [["LIMIT", 2], ["OFFSET", 4]]
  ↳ app/views/users/index.html.erb:12
  [1m[35m (1.3ms)[0m  [1m[34mSELECT COUNT(*) FROM "users"[0m
  ↳ app/views/users/index.html.erb:22
  Rendered users/index.html.erb within layouts/application (Duration: 17.6ms | Allocations: 4144)
[Webpacker] Everything's up-to-date. Nothing to do
  Rendered layout layouts/application.html.erb (Duration: 23.2ms | Allocations: 7121)
Completed 200 OK in 27ms (Views: 21.5ms | ActiveRecord: 2.9ms | Allocations: 7835)


Started GET "/" for 127.0.0.1 at 2021-07-18 19:35:17 +0530
Processing by UsersController#index as HTML
  Rendering layout layouts/application.html.erb
  Rendering users/index.html.erb within layouts/application
  [1m[36mUser Load (3.1ms)[0m  [1m[34mSELECT "users".* FROM "users" LIMIT $1 OFFSET $2[0m  [["LIMIT", 2], ["OFFSET", 0]]
  ↳ app/views/users/index.html.erb:12
  [1m[35m (2.3ms)[0m  [1m[34mSELECT COUNT(*) FROM "users"[0m
  ↳ app/views/users/index.html.erb:22
  Rendered users/index.html.erb within layouts/application (Duration: 19.6ms | Allocations: 3316)
[Webpacker] Everything's up-to-date. Nothing to do
  Rendered layout layouts/application.html.erb (Duration: 26.1ms | Allocations: 6164)
Completed 200 OK in 31ms (Views: 22.4ms | ActiveRecord: 5.4ms | Allocations: 6715)


Started GET "/?page=2" for 127.0.0.1 at 2021-07-18 19:35:18 +0530
Processing by UsersController#index as HTML
  Parameters: {"page"=>"2"}
  Rendering layout layouts/application.html.erb
  Rendering users/index.html.erb within layouts/application
  [1m[36mUser Load (4.3ms)[0m  [1m[34mSELECT "users".* FROM "users" LIMIT $1 OFFSET $2[0m  [["LIMIT", 2], ["OFFSET", 2]]
  ↳ app/views/users/index.html.erb:12
  [1m[35m (2.8ms)[0m  [1m[34mSELECT COUNT(*) FROM "users"[0m
  ↳ app/views/users/index.html.erb:22
  Rendered users/index.html.erb within layouts/application (Duration: 25.8ms | Allocations: 3814)
[Webpacker] Everything's up-to-date. Nothing to do
  Rendered layout layouts/application.html.erb (Duration: 32.8ms | Allocations: 6664)
Completed 200 OK in 38ms (Views: 27.8ms | ActiveRecord: 7.1ms | Allocations: 7222)


Started GET "/?page=3" for 127.0.0.1 at 2021-07-18 19:35:19 +0530
Processing by UsersController#index as HTML
  Parameters: {"page"=>"3"}
  Rendering layout layouts/application.html.erb
  Rendering users/index.html.erb within layouts/application
  [1m[36mUser Load (2.6ms)[0m  [1m[34mSELECT "users".* FROM "users" LIMIT $1 OFFSET $2[0m  [["LIMIT", 2], ["OFFSET", 4]]
  ↳ app/views/users/index.html.erb:12
  [1m[35m (1.9ms)[0m  [1m[34mSELECT COUNT(*) FROM "users"[0m
  ↳ app/views/users/index.html.erb:22
  Rendered users/index.html.erb within layouts/application (Duration: 17.4ms | Allocations: 3304)
[Webpacker] Everything's up-to-date. Nothing to do
  Rendered layout layouts/application.html.erb (Duration: 23.2ms | Allocations: 6154)
Completed 200 OK in 28ms (Views: 20.4ms | ActiveRecord: 4.5ms | Allocations: 6711)


